Log file open, 06/09/21 23:24:48
LogInit: Display: Running engine for game: Collab
LogPlatformFile: Not using cached read wrapper
LogTaskGraph: Started task graph with 5 named threads and 35 total threads with 3 sets of task threads.
LogStats: Stats thread started at 0.114322
LogD3D11RHI: Loaded GFSDK_Aftermath_Lib.x64.dll
LogICUInternationalization: ICU TimeZone Detection - Raw Offset: +1:00, Platform Override: ''
LogPluginManager: Mounting plugin Paper2D
LogPluginManager: Mounting plugin AISupport
LogPluginManager: Mounting plugin LightPropagationVolume
LogPluginManager: Mounting plugin CameraShakePreviewer
LogPluginManager: Mounting plugin ActorLayerUtilities
LogPluginManager: Mounting plugin AnimationSharing
LogPluginManager: Mounting plugin CLionSourceCodeAccess
LogPluginManager: Mounting plugin CodeLiteSourceCodeAccess
LogPluginManager: Mounting plugin GitSourceControl
LogPluginManager: Mounting plugin KDevelopSourceCodeAccess
LogPluginManager: Mounting plugin NullSourceCodeAccess
LogPluginManager: Mounting plugin PerforceSourceControl
LogPluginManager: Mounting plugin PlasticSourceControl
LogPluginManager: Mounting plugin RiderSourceCodeAccess
LogPluginManager: Mounting plugin SubversionSourceControl
LogPluginManager: Mounting plugin UObjectPlugin
LogPluginManager: Mounting plugin VisualStudioCodeSourceCodeAccess
LogPluginManager: Mounting plugin VisualStudioSourceCodeAccess
LogPluginManager: Mounting plugin XCodeSourceCodeAccess
LogPluginManager: Mounting plugin AssetManagerEditor
LogPluginManager: Mounting plugin CryptoKeys
LogPluginManager: Mounting plugin CurveEditorTools
LogPluginManager: Mounting plugin DataValidation
LogPluginManager: Mounting plugin EditorScriptingUtilities
LogPluginManager: Mounting plugin FacialAnimation
LogPluginManager: Mounting plugin GameplayTagsEditor
LogPluginManager: Mounting plugin GeometryMode
LogPluginManager: Mounting plugin MacGraphicsSwitching
LogPluginManager: Mounting plugin MaterialAnalyzer
LogPluginManager: Mounting plugin MobileLauncherProfileWizard
LogPluginManager: Mounting plugin PluginBrowser
LogPluginManager: Mounting plugin SpeedTreeImporter
LogPluginManager: Mounting plugin DatasmithContent
LogPluginManager: Mounting plugin VariantManagerContent
LogPluginManager: Mounting plugin AlembicImporter
LogPluginManager: Mounting plugin AutomationUtils
LogPluginManager: Mounting plugin BackChannel
LogPluginManager: Mounting plugin ChaosCloth
LogPluginManager: Mounting plugin ChaosClothEditor
LogPluginManager: Mounting plugin ChaosEditor
LogPluginManager: Mounting plugin ChaosNiagara
LogPluginManager: Mounting plugin ChaosSolverPlugin
LogPluginManager: Mounting plugin CharacterAI
LogPluginManager: Mounting plugin GeometryCache
LogPluginManager: Mounting plugin GeometryCollectionPlugin
LogPluginManager: Mounting plugin GeometryProcessing
LogPluginManager: Mounting plugin PlanarCut
LogPluginManager: Mounting plugin PlatformCrypto
LogPluginManager: Mounting plugin ProxyLODPlugin
LogPluginManager: Mounting plugin SkeletalReduction
LogPluginManager: Mounting plugin Niagara
LogPluginManager: Mounting plugin MagicLeap
LogPluginManager: Mounting plugin MagicLeapLightEstimation
LogPluginManager: Mounting plugin MagicLeapMedia
LogPluginManager: Mounting plugin MagicLeapPassableWorld
LogPluginManager: Mounting plugin MLSDK
LogPluginManager: Mounting plugin AndroidMedia
LogPluginManager: Mounting plugin AvfMedia
LogPluginManager: Mounting plugin ImgMedia
LogPluginManager: Mounting plugin MediaCompositing
LogPluginManager: Mounting plugin MediaPlayerEditor
LogPluginManager: Mounting plugin WebMMedia
LogPluginManager: Mounting plugin WmfMedia
LogPluginManager: Mounting plugin MeshPainting
LogPluginManager: Mounting plugin TcpMessaging
LogPluginManager: Mounting plugin UdpMessaging
LogPluginManager: Mounting plugin ActorSequence
LogPluginManager: Mounting plugin LevelSequenceEditor
LogPluginManager: Mounting plugin MatineeToLevelSequence
LogPluginManager: Mounting plugin MovieRenderPipeline
LogPluginManager: Mounting plugin TemplateSequence
LogPluginManager: Mounting plugin NetcodeUnitTest
LogPluginManager: Mounting plugin NUTUnrealEngine4
LogPluginManager: Mounting plugin OnlineSubsystemGooglePlay
LogPluginManager: Mounting plugin OnlineSubsystemIOS
LogPluginManager: Mounting plugin OnlineSubsystem
LogPluginManager: Mounting plugin OnlineSubsystemNull
LogPluginManager: Mounting plugin OnlineSubsystemUtils
LogPluginManager: Mounting plugin LauncherChunkInstaller
LogPluginManager: Mounting plugin AndroidDeviceProfileSelector
LogPluginManager: Mounting plugin AndroidMoviePlayer
LogPluginManager: Mounting plugin AndroidPermission
LogPluginManager: Mounting plugin AppleImageUtils
LogPluginManager: Mounting plugin AppleMoviePlayer
LogPluginManager: Mounting plugin ArchVisCharacter
LogPluginManager: Mounting plugin AssetTags
LogPluginManager: Mounting plugin AudioCapture
LogPluginManager: Mounting plugin CableComponent
LogPluginManager: Mounting plugin CustomMeshComponent
LogPluginManager: Mounting plugin EditableMesh
LogPluginManager: Mounting plugin ExampleDeviceProfileSelector
LogPluginManager: Mounting plugin GoogleCloudMessaging
LogPluginManager: Mounting plugin GooglePAD
LogPluginManager: Mounting plugin IOSDeviceProfileSelector
LogPluginManager: Mounting plugin LinuxDeviceProfileSelector
LogPluginManager: Mounting plugin LocationServicesBPLibrary
LogPluginManager: Mounting plugin MobilePatchingUtils
LogPluginManager: Mounting plugin OculusVR
LogPluginManager: Mounting plugin PhysXVehicles
LogPluginManager: Mounting plugin PostSplashScreen
LogPluginManager: Mounting plugin ProceduralMeshComponent
LogPluginManager: Mounting plugin RuntimePhysXCooking
LogPluginManager: Mounting plugin SignificanceManager
LogPluginManager: Mounting plugin SoundFields
LogPluginManager: Mounting plugin SteamVR
LogPluginManager: Mounting plugin Synthesis
LogPluginManager: Mounting plugin WebMMoviePlayer
LogPluginManager: Mounting plugin WindowsMoviePlayer
LogPluginManager: Mounting plugin ScreenshotTools
LogInit: Using libcurl 7.55.1-DEV
LogInit:  - built for x86_64-pc-win32
LogInit:  - supports SSL with OpenSSL/1.1.1
LogInit:  - supports HTTP deflate (compression) using libz 1.2.8
LogInit:  - other features:
LogInit:      CURL_VERSION_SSL
LogInit:      CURL_VERSION_LIBZ
LogInit:      CURL_VERSION_IPV6
LogInit:      CURL_VERSION_ASYNCHDNS
LogInit:      CURL_VERSION_LARGEFILE
LogInit:      CURL_VERSION_IDN
LogInit:  CurlRequestOptions (configurable via config and command line):
LogInit:  - bVerifyPeer = true  - Libcurl will verify peer certificate
LogInit:  - bUseHttpProxy = false  - Libcurl will NOT use HTTP proxy
LogInit:  - bDontReuseConnections = false  - Libcurl will reuse connections
LogInit:  - MaxHostConnections = 16  - Libcurl will limit the number of connections to a host
LogInit:  - LocalHostAddr = Default
LogInit:  - BufferSize = 65536
LogOnline: OSS: Creating online subsystem instance for: NULL
LogInit: WinSock: version 1.1 (2.2), MaxSocks=32767, MaxUdp=65467
LogOnline: OSS: TryLoadSubsystemAndSetDefault: Loaded subsystem for module [NULL]
LogInit: Build: ++UE4+Release-4.25-CL-13144385
LogInit: Engine Version: 4.25.0-13144385+++UE4+Release-4.25
LogInit: Compatible Engine Version: 4.25.0-13144385+++UE4+Release-4.25
LogInit: Net CL: 13144385
LogInit: OS: Windows 10 (Release 2004) (), CPU: Intel(R) Core(TM) i7-8700K CPU @ 3.70GHz, GPU: NVIDIA GeForce GTX 1080
LogInit: Compiled (64-bit): May  2 2020 02:12:11
LogInit: Compiled with Visual C++: 19.24.28315.00
LogInit: Build Configuration: Development
LogInit: Branch Name: ++UE4+Release-4.25
LogInit: Command Line:  -EpicPortal -epicusername=Y01B -epicuserid=850a2cd35e4f4e4a92f895ace7a4c111 -epiclocale=pl
LogInit: Base Directory: D:/GRY/UE_4.25/Engine/Binaries/Win64/
LogInit: Allocator: TBB
LogInit: Installed Engine Build: 1
LogDevObjectVersion: Number of dev versions registered: 26
LogDevObjectVersion:   Dev-Blueprints (B0D832E4-1F89-4F0D-ACCF-7EB736FD4AA2): 10
LogDevObjectVersion:   Dev-Build (E1C64328-A22C-4D53-A36C-8E866417BD8C): 0
LogDevObjectVersion:   Dev-Core (375EC13C-06E4-48FB-B500-84F0262A717E): 4
LogDevObjectVersion:   Dev-Editor (E4B068ED-F494-42E9-A231-DA0B2E46BB41): 38
LogDevObjectVersion:   Dev-Framework (CFFC743F-43B0-4480-9391-14DF171D2073): 37
LogDevObjectVersion:   Dev-Mobile (B02B49B5-BB20-44E9-A304-32B752E40360): 2
LogDevObjectVersion:   Dev-Networking (A4E4105C-59A1-49B5-A7C5-40C4547EDFEE): 0
LogDevObjectVersion:   Dev-Online (39C831C9-5AE6-47DC-9A44-9C173E1C8E7C): 0
LogDevObjectVersion:   Dev-Physics (78F01B33-EBEA-4F98-B9B4-84EACCB95AA2): 4
LogDevObjectVersion:   Dev-Platform (6631380F-2D4D-43E0-8009-CF276956A95A): 0
LogDevObjectVersion:   Dev-Rendering (12F88B9F-8875-4AFC-A67C-D90C383ABD29): 43
LogDevObjectVersion:   Dev-Sequencer (7B5AE74C-D270-4C10-A958-57980B212A5A): 12
LogDevObjectVersion:   Dev-VR (D7296918-1DD6-4BDD-9DE2-64A83CC13884): 3
LogDevObjectVersion:   Dev-LoadTimes (C2A15278-BFE7-4AFE-6C17-90FF531DF755): 1
LogDevObjectVersion:   Private-Geometry (6EACA3D4-40EC-4CC1-B786-8BED09428FC5): 3
LogDevObjectVersion:   Dev-AnimPhys (29E575DD-E0A3-4627-9D10-D276232CDCEA): 17
LogDevObjectVersion:   Dev-Anim (AF43A65D-7FD3-4947-9873-3E8ED9C1BB05): 7
LogDevObjectVersion:   Dev-ReflectionCapture (6B266CEC-1EC7-4B8F-A30B-E4D90942FC07): 1
LogDevObjectVersion:   Dev-Automation (0DF73D61-A23F-47EA-B727-89E90C41499A): 1
LogDevObjectVersion:   FortniteMain (601D1886-AC64-4F84-AA16-D3DE0DEAC7D6): 31
LogDevObjectVersion:   Dev-Enterprise (9DFFBCD6-494F-0158-E221-12823C92A888): 10
LogDevObjectVersion:   Dev-Niagara (F2AED0AC-9AFE-416F-8664-AA7FFA26D6FC): 1
LogDevObjectVersion:   Dev-Destruction (174F1F0B-B4C6-45A5-B13F-2EE8D0FB917D): 10
LogDevObjectVersion:   Dev-Physics-Ext (35F94A83-E258-406C-A318-09F59610247C): 37
LogDevObjectVersion:   Dev-PhysicsMaterial-Chaos (B68FC16E-8B1B-42E2-B453-215C058844FE): 1
LogDevObjectVersion:   Dev-CineCamera (B2E18506-4273-CFC2-A54E-F4BB758BBA07): 1
LogInit: Presizing for max 25165824 objects, including 0 objects not considered by GC, pre-allocating 0 bytes for permanent pool.
LogConfig: Applying CVar settings from Section [/Script/Engine.StreamingSettings] File [D:/PLIKI KOMPUTERA/UNI/I MGR/II SEMESTR/silniki/COLLABok/Collab/Saved/Config/Windows/Engine.ini]
LogConfig: Setting CVar [[s.MinBulkDataSizeForAsyncLoading:131072]]
LogConfig: Setting CVar [[s.AsyncLoadingThreadEnabled:0]]
LogConfig: Setting CVar [[s.EventDrivenLoaderEnabled:1]]
LogConfig: Setting CVar [[s.WarnIfTimeLimitExceeded:0]]
LogConfig: Setting CVar [[s.TimeLimitExceededMultiplier:1.5]]
LogConfig: Setting CVar [[s.TimeLimitExceededMinTime:0.005]]
LogConfig: Setting CVar [[s.UseBackgroundLevelStreaming:1]]
LogConfig: Setting CVar [[s.PriorityAsyncLoadingExtraTime:15.0]]
LogConfig: Setting CVar [[s.LevelStreamingActorsUpdateTimeLimit:5.0]]
LogConfig: Setting CVar [[s.PriorityLevelStreamingActorsUpdateExtraTime:5.0]]
LogConfig: Setting CVar [[s.LevelStreamingComponentsRegistrationGranularity:10]]
LogConfig: Setting CVar [[s.UnregisterComponentsTimeLimit:1.0]]
LogConfig: Setting CVar [[s.LevelStreamingComponentsUnregistrationGranularity:5]]
LogConfig: Setting CVar [[s.FlushStreamingOnExit:1]]
LogInit: Object subsystem initialized
LogConfig: Setting CVar [[con.DebugEarlyDefault:1]]
LogConfig: Setting CVar [[r.setres:1280x720]]
[2021.06.09-21.24.48:262][  0]LogConfig: Setting CVar [[r.VSync:0]]
[2021.06.09-21.24.48:262][  0]LogConfig: Setting CVar [[r.RHICmdBypass:0]]
[2021.06.09-21.24.48:262][  0]LogConfig: Applying CVar settings from Section [/Script/Engine.RendererSettings] File [D:/PLIKI KOMPUTERA/UNI/I MGR/II SEMESTR/silniki/COLLABok/Collab/Saved/Config/Windows/Engine.ini]
[2021.06.09-21.24.48:262][  0]LogConfig: Setting CVar [[r.GPUCrashDebugging:0]]
[2021.06.09-21.24.48:262][  0]LogConfig: Applying CVar settings from Section [/Script/Engine.RendererOverrideSettings] File [D:/PLIKI KOMPUTERA/UNI/I MGR/II SEMESTR/silniki/COLLABok/Collab/Saved/Config/Windows/Engine.ini]
[2021.06.09-21.24.48:262][  0]LogConfig: Applying CVar settings from Section [/Script/Engine.StreamingSettings] File [D:/PLIKI KOMPUTERA/UNI/I MGR/II SEMESTR/silniki/COLLABok/Collab/Saved/Config/Windows/Engine.ini]
[2021.06.09-21.24.48:262][  0]LogConfig: Setting CVar [[s.MinBulkDataSizeForAsyncLoading:131072]]
[2021.06.09-21.24.48:262][  0]LogConfig: Setting CVar [[s.AsyncLoadingThreadEnabled:0]]
[2021.06.09-21.24.48:262][  0]LogConfig: Setting CVar [[s.EventDrivenLoaderEnabled:1]]
[2021.06.09-21.24.48:262][  0]LogConfig: Setting CVar [[s.WarnIfTimeLimitExceeded:0]]
[2021.06.09-21.24.48:262][  0]LogConfig: Setting CVar [[s.TimeLimitExceededMultiplier:1.5]]
[2021.06.09-21.24.48:262][  0]LogConfig: Setting CVar [[s.TimeLimitExceededMinTime:0.005]]
[2021.06.09-21.24.48:262][  0]LogConfig: Setting CVar [[s.UseBackgroundLevelStreaming:1]]
[2021.06.09-21.24.48:262][  0]LogConfig: Setting CVar [[s.PriorityAsyncLoadingExtraTime:15.0]]
[2021.06.09-21.24.48:262][  0]LogConfig: Setting CVar [[s.LevelStreamingActorsUpdateTimeLimit:5.0]]
[2021.06.09-21.24.48:262][  0]LogConfig: Setting CVar [[s.PriorityLevelStreamingActorsUpdateExtraTime:5.0]]
[2021.06.09-21.24.48:262][  0]LogConfig: Setting CVar [[s.LevelStreamingComponentsRegistrationGranularity:10]]
[2021.06.09-21.24.48:262][  0]LogConfig: Setting CVar [[s.UnregisterComponentsTimeLimit:1.0]]
[2021.06.09-21.24.48:262][  0]LogConfig: Setting CVar [[s.LevelStreamingComponentsUnregistrationGranularity:5]]
[2021.06.09-21.24.48:262][  0]LogConfig: Setting CVar [[s.FlushStreamingOnExit:1]]
[2021.06.09-21.24.48:262][  0]LogConfig: Applying CVar settings from Section [/Script/Engine.GarbageCollectionSettings] File [D:/PLIKI KOMPUTERA/UNI/I MGR/II SEMESTR/silniki/COLLABok/Collab/Saved/Config/Windows/Engine.ini]
[2021.06.09-21.24.48:262][  0]LogConfig: Setting CVar [[gc.MaxObjectsNotConsideredByGC:1]]
[2021.06.09-21.24.48:262][  0]LogConfig: Setting CVar [[gc.SizeOfPermanentObjectPool:0]]
[2021.06.09-21.24.48:262][  0]LogConfig: Setting CVar [[gc.FlushStreamingOnGC:0]]
[2021.06.09-21.24.48:262][  0]LogConfig: Setting CVar [[gc.NumRetriesBeforeForcingGC:10]]
[2021.06.09-21.24.48:262][  0]LogConfig: Setting CVar [[gc.AllowParallelGC:1]]
[2021.06.09-21.24.48:262][  0]LogConfig: Setting CVar [[gc.TimeBetweenPurgingPendingKillObjects:61.1]]
[2021.06.09-21.24.48:262][  0]LogConfig: Setting CVar [[gc.MaxObjectsInEditor:25165824]]
[2021.06.09-21.24.48:262][  0]LogConfig: Setting CVar [[gc.IncrementalBeginDestroyEnabled:1]]
[2021.06.09-21.24.48:262][  0]LogConfig: Setting CVar [[gc.CreateGCClusters:1]]
[2021.06.09-21.24.48:262][  0]LogConfig: Setting CVar [[gc.MinGCClusterSize:5]]
[2021.06.09-21.24.48:262][  0]LogConfig: Setting CVar [[gc.ActorClusteringEnabled:0]]
[2021.06.09-21.24.48:262][  0]LogConfig: Setting CVar [[gc.BlueprintClusteringEnabled:0]]
[2021.06.09-21.24.48:262][  0]LogConfig: Setting CVar [[gc.UseDisregardForGCOnDedicatedServers:0]]
[2021.06.09-21.24.48:262][  0]LogConfig: Applying CVar settings from Section [/Script/Engine.NetworkSettings] File [D:/PLIKI KOMPUTERA/UNI/I MGR/II SEMESTR/silniki/COLLABok/Collab/Saved/Config/Windows/Engine.ini]
[2021.06.09-21.24.48:262][  0]LogConfig: Applying CVar settings from Section [/Script/UnrealEd.CookerSettings] File [D:/PLIKI KOMPUTERA/UNI/I MGR/II SEMESTR/silniki/COLLABok/Collab/Saved/Config/Windows/Engine.ini]
[2021.06.09-21.24.48:265][  0]LogConfig: Applying CVar settings from Section [ViewDistanceQuality@3] File [D:/PLIKI KOMPUTERA/UNI/I MGR/II SEMESTR/silniki/COLLABok/Collab/Saved/Config/Windows/Scalability.ini]
[2021.06.09-21.24.48:265][  0]LogConfig: Setting CVar [[r.SkeletalMeshLODBias:0]]
[2021.06.09-21.24.48:265][  0]LogConfig: Setting CVar [[r.ViewDistanceScale:1.0]]
[2021.06.09-21.24.48:265][  0]LogConfig: Applying CVar settings from Section [AntiAliasingQuality@3] File [D:/PLIKI KOMPUTERA/UNI/I MGR/II SEMESTR/silniki/COLLABok/Collab/Saved/Config/Windows/Scalability.ini]
[2021.06.09-21.24.48:266][  0]LogConfig: Setting CVar [[r.PostProcessAAQuality:4]]
[2021.06.09-21.24.48:266][  0]LogConfig: Applying CVar settings from Section [ShadowQuality@3] File [D:/PLIKI KOMPUTERA/UNI/I MGR/II SEMESTR/silniki/COLLABok/Collab/Saved/Config/Windows/Scalability.ini]
[2021.06.09-21.24.48:266][  0]LogConfig: Setting CVar [[r.LightFunctionQuality:1]]
[2021.06.09-21.24.48:266][  0]LogConfig: Setting CVar [[r.ShadowQuality:5]]
[2021.06.09-21.24.48:266][  0]LogConfig: Setting CVar [[r.Shadow.CSM.MaxCascades:10]]
[2021.06.09-21.24.48:266][  0]LogConfig: Setting CVar [[r.Shadow.MaxResolution:2048]]
[2021.06.09-21.24.48:266][  0]LogConfig: Setting CVar [[r.Shadow.MaxCSMResolution:2048]]
[2021.06.09-21.24.48:266][  0]LogConfig: Setting CVar [[r.Shadow.RadiusThreshold:0.01]]
[2021.06.09-21.24.48:266][  0]LogConfig: Setting CVar [[r.Shadow.DistanceScale:1.0]]
[2021.06.09-21.24.48:266][  0]LogConfig: Setting CVar [[r.Shadow.CSM.TransitionScale:1.0]]
[2021.06.09-21.24.48:266][  0]LogConfig: Setting CVar [[r.Shadow.PreShadowResolutionFactor:1.0]]
[2021.06.09-21.24.48:266][  0]LogConfig: Setting CVar [[r.DistanceFieldShadowing:1]]
[2021.06.09-21.24.48:266][  0]LogConfig: Setting CVar [[r.DistanceFieldAO:1]]
[2021.06.09-21.24.48:266][  0]LogConfig: Setting CVar [[r.AOQuality:2]]
[2021.06.09-21.24.48:266][  0]LogConfig: Setting CVar [[r.VolumetricFog:1]]
[2021.06.09-21.24.48:266][  0]LogConfig: Setting CVar [[r.VolumetricFog.GridPixelSize:8]]
[2021.06.09-21.24.48:266][  0]LogConfig: Setting CVar [[r.VolumetricFog.GridSizeZ:128]]
[2021.06.09-21.24.48:266][  0]LogConfig: Setting CVar [[r.VolumetricFog.HistoryMissSupersampleCount:4]]
[2021.06.09-21.24.48:266][  0]LogConfig: Setting CVar [[r.LightMaxDrawDistanceScale:1]]
[2021.06.09-21.24.48:266][  0]LogConfig: Setting CVar [[r.CapsuleShadows:1]]
[2021.06.09-21.24.48:266][  0]LogConfig: Applying CVar settings from Section [PostProcessQuality@3] File [D:/PLIKI KOMPUTERA/UNI/I MGR/II SEMESTR/silniki/COLLABok/Collab/Saved/Config/Windows/Scalability.ini]
[2021.06.09-21.24.48:266][  0]LogConfig: Setting CVar [[r.MotionBlurQuality:4]]
[2021.06.09-21.24.48:266][  0]LogConfig: Setting CVar [[r.AmbientOcclusionMipLevelFactor:0.4]]
[2021.06.09-21.24.48:266][  0]LogConfig: Setting CVar [[r.AmbientOcclusionMaxQuality:100]]
[2021.06.09-21.24.48:266][  0]LogConfig: Setting CVar [[r.AmbientOcclusionLevels:-1]]
[2021.06.09-21.24.48:266][  0]LogConfig: Setting CVar [[r.AmbientOcclusionRadiusScale:1.0]]
[2021.06.09-21.24.48:266][  0]LogConfig: Setting CVar [[r.DepthOfFieldQuality:2]]
[2021.06.09-21.24.48:266][  0]LogConfig: Setting CVar [[r.RenderTargetPoolMin:400]]
[2021.06.09-21.24.48:266][  0]LogConfig: Setting CVar [[r.LensFlareQuality:2]]
[2021.06.09-21.24.48:266][  0]LogConfig: Setting CVar [[r.SceneColorFringeQuality:1]]
[2021.06.09-21.24.48:266][  0]LogConfig: Setting CVar [[r.EyeAdaptationQuality:2]]
[2021.06.09-21.24.48:266][  0]LogConfig: Setting CVar [[r.BloomQuality:5]]
[2021.06.09-21.24.48:266][  0]LogConfig: Setting CVar [[r.FastBlurThreshold:100]]
[2021.06.09-21.24.48:266][  0]LogConfig: Setting CVar [[r.Upscale.Quality:3]]
[2021.06.09-21.24.48:266][  0]LogConfig: Setting CVar [[r.Tonemapper.GrainQuantization:1]]
[2021.06.09-21.24.48:266][  0]LogConfig: Setting CVar [[r.LightShaftQuality:1]]
[2021.06.09-21.24.48:266][  0]LogConfig: Setting CVar [[r.Filter.SizeScale:1]]
[2021.06.09-21.24.48:266][  0]LogConfig: Setting CVar [[r.Tonemapper.Quality:5]]
[2021.06.09-21.24.48:266][  0]LogConfig: Setting CVar [[r.DOF.Gather.AccumulatorQuality:1        ; higher gathering accumulator quality]]
[2021.06.09-21.24.48:266][  0]LogConfig: Setting CVar [[r.DOF.Gather.PostfilterMethod:1          ; Median3x3 postfilering method]]
[2021.06.09-21.24.48:266][  0]LogConfig: Setting CVar [[r.DOF.Gather.EnableBokehSettings:0       ; no bokeh simulation when gathering]]
[2021.06.09-21.24.48:266][  0]LogConfig: Setting CVar [[r.DOF.Gather.RingCount:4                 ; medium number of samples when gathering]]
[2021.06.09-21.24.48:266][  0]LogConfig: Setting CVar [[r.DOF.Scatter.ForegroundCompositing:1    ; additive foreground scattering]]
[2021.06.09-21.24.48:266][  0]LogConfig: Setting CVar [[r.DOF.Scatter.BackgroundCompositing:2    ; additive background scattering]]
[2021.06.09-21.24.48:266][  0]LogConfig: Setting CVar [[r.DOF.Scatter.EnableBokehSettings:1      ; bokeh simulation when scattering]]
[2021.06.09-21.24.48:266][  0]LogConfig: Setting CVar [[r.DOF.Scatter.MaxSpriteRatio:0.1         ; only a maximum of 10% of scattered bokeh]]
[2021.06.09-21.24.48:266][  0]LogConfig: Setting CVar [[r.DOF.Recombine.Quality:1                ; cheap slight out of focus]]
[2021.06.09-21.24.48:266][  0]LogConfig: Setting CVar [[r.DOF.Recombine.EnableBokehSettings:0    ; no bokeh simulation on slight out of focus]]
[2021.06.09-21.24.48:266][  0]LogConfig: Setting CVar [[r.DOF.TemporalAAQuality:1                ; more stable temporal accumulation]]
[2021.06.09-21.24.48:266][  0]LogConfig: Setting CVar [[r.DOF.Kernel.MaxForegroundRadius:0.025]]
[2021.06.09-21.24.48:266][  0]LogConfig: Setting CVar [[r.DOF.Kernel.MaxBackgroundRadius:0.025]]
[2021.06.09-21.24.48:266][  0]LogConfig: Applying CVar settings from Section [TextureQuality@3] File [D:/PLIKI KOMPUTERA/UNI/I MGR/II SEMESTR/silniki/COLLABok/Collab/Saved/Config/Windows/Scalability.ini]
[2021.06.09-21.24.48:266][  0]LogConfig: Setting CVar [[r.Streaming.MipBias:0]]
[2021.06.09-21.24.48:266][  0]LogConfig: Setting CVar [[r.Streaming.AmortizeCPUToGPUCopy:0]]
[2021.06.09-21.24.48:266][  0]LogConfig: Setting CVar [[r.Streaming.MaxNumTexturesToStreamPerFrame:0]]
[2021.06.09-21.24.48:266][  0]LogConfig: Setting CVar [[r.Streaming.Boost:1]]
[2021.06.09-21.24.48:266][  0]LogConfig: Setting CVar [[r.MaxAnisotropy:8]]
[2021.06.09-21.24.48:266][  0]LogConfig: Setting CVar [[r.VT.MaxAnisotropy:8]]
[2021.06.09-21.24.48:266][  0]LogConfig: Setting CVar [[r.Streaming.LimitPoolSizeToVRAM:0]]
[2021.06.09-21.24.48:266][  0]LogConfig: Setting CVar [[r.Streaming.PoolSize:1000]]
[2021.06.09-21.24.48:266][  0]LogConfig: Setting CVar [[r.Streaming.MaxEffectiveScreenSize:0]]
[2021.06.09-21.24.48:266][  0]LogConfig: Applying CVar settings from Section [EffectsQuality@3] File [D:/PLIKI KOMPUTERA/UNI/I MGR/II SEMESTR/silniki/COLLABok/Collab/Saved/Config/Windows/Scalability.ini]
[2021.06.09-21.24.48:266][  0]LogConfig: Setting CVar [[r.TranslucencyLightingVolumeDim:64]]
[2021.06.09-21.24.48:266][  0]LogConfig: Setting CVar [[r.RefractionQuality:2]]
[2021.06.09-21.24.48:266][  0]LogConfig: Setting CVar [[r.SSR.Quality:3]]
[2021.06.09-21.24.48:266][  0]LogConfig: Setting CVar [[r.SSR.HalfResSceneColor:0]]
[2021.06.09-21.24.48:266][  0]LogConfig: Setting CVar [[r.SceneColorFormat:4]]
[2021.06.09-21.24.48:266][  0]LogConfig: Setting CVar [[r.DetailMode:2]]
[2021.06.09-21.24.48:266][  0]LogConfig: Setting CVar [[r.TranslucencyVolumeBlur:1]]
[2021.06.09-21.24.48:266][  0]LogConfig: Setting CVar [[r.MaterialQualityLevel:1 ; High quality]]
[2021.06.09-21.24.48:266][  0]LogConfig: Setting CVar [[r.SSS.Scale:1]]
[2021.06.09-21.24.48:266][  0]LogConfig: Setting CVar [[r.SSS.SampleSet:2]]
[2021.06.09-21.24.48:266][  0]LogConfig: Setting CVar [[r.SSS.Quality:1]]
[2021.06.09-21.24.48:266][  0]LogConfig: Setting CVar [[r.SSS.HalfRes:0]]
[2021.06.09-21.24.48:266][  0]LogConfig: Setting CVar [[r.SSGI.Quality:3]]
[2021.06.09-21.24.48:266][  0]LogConfig: Setting CVar [[r.EmitterSpawnRateScale:1.0]]
[2021.06.09-21.24.48:266][  0]LogConfig: Setting CVar [[r.ParticleLightQuality:2]]
[2021.06.09-21.24.48:266][  0]LogConfig: Setting CVar [[r.SkyAtmosphere.AerialPerspectiveLUT.FastApplyOnOpaque:1 ; Always have FastSkyLUT 1 in this case to avoid wrong sky]]
[2021.06.09-21.24.48:266][  0]LogConfig: Setting CVar [[r.SkyAtmosphere.AerialPerspectiveLUT.SampleCountPerSlice:1]]
[2021.06.09-21.24.48:266][  0]LogConfig: Setting CVar [[r.SkyAtmosphere.AerialPerspectiveLUT.DepthResolution:16.0]]
[2021.06.09-21.24.48:266][  0]LogConfig: Setting CVar [[r.SkyAtmosphere.FastSkyLUT:1]]
[2021.06.09-21.24.48:266][  0]LogConfig: Setting CVar [[r.SkyAtmosphere.FastSkyLUT.SampleCountMin:4.0]]
[2021.06.09-21.24.48:266][  0]LogConfig: Setting CVar [[r.SkyAtmosphere.FastSkyLUT.SampleCountMax:32.0]]
[2021.06.09-21.24.48:266][  0]LogConfig: Setting CVar [[r.SkyAtmosphere.SampleCountMin:4.0]]
[2021.06.09-21.24.48:266][  0]LogConfig: Setting CVar [[r.SkyAtmosphere.SampleCountMax:32.0]]
[2021.06.09-21.24.48:266][  0]LogConfig: Setting CVar [[r.SkyAtmosphere.TransmittanceLUT.UseSmallFormat:0]]
[2021.06.09-21.24.48:266][  0]LogConfig: Setting CVar [[r.SkyAtmosphere.TransmittanceLUT.SampleCount:10.0]]
[2021.06.09-21.24.48:266][  0]LogConfig: Setting CVar [[r.SkyAtmosphere.MultiScatteringLUT.SampleCount:15.0]]
[2021.06.09-21.24.48:266][  0]LogConfig: Applying CVar settings from Section [FoliageQuality@3] File [D:/PLIKI KOMPUTERA/UNI/I MGR/II SEMESTR/silniki/COLLABok/Collab/Saved/Config/Windows/Scalability.ini]
[2021.06.09-21.24.48:266][  0]LogConfig: Setting CVar [[foliage.DensityScale:1.0]]
[2021.06.09-21.24.48:266][  0]LogConfig: Setting CVar [[grass.DensityScale:1.0]]
[2021.06.09-21.24.48:266][  0]LogConfig: Applying CVar settings from Section [ShadingQuality@3] File [D:/PLIKI KOMPUTERA/UNI/I MGR/II SEMESTR/silniki/COLLABok/Collab/Saved/Config/Windows/Scalability.ini]
[2021.06.09-21.24.48:267][  0]LogConfig: Setting CVar [[r.HairStrands.SkyLighting.SampleCount:16]]
[2021.06.09-21.24.48:267][  0]LogConfig: Setting CVar [[r.HairStrands.SkyLighting.JitterIntegration:0]]
[2021.06.09-21.24.48:267][  0]LogConfig: Setting CVar [[r.HairStrands.SkyAO.SampleCount:16]]
[2021.06.09-21.24.48:267][  0]LogConfig: Setting CVar [[r.HairStrands.DeepShadow.SuperSampling:0]]
[2021.06.09-21.24.48:267][  0]LogConfig: Setting CVar [[r.HairStrands.VisibilityPPLL:0]]
[2021.06.09-21.24.48:267][  0]LogConfig: Setting CVar [[r.HairStrands.RasterizationScale:0.5]]
[2021.06.09-21.24.48:267][  0]LogConfig: Setting CVar [[r.HairStrands.VelocityRasterizationScale:1]]
[2021.06.09-21.24.48:267][  0]LogInit: Selected Device Profile: [Windows]
[2021.06.09-21.24.48:267][  0]LogInit: Applying CVar settings loaded from the selected device profile: [Windows]
[2021.06.09-21.24.48:267][  0]LogHAL: Display: Platform has ~ 32 GB [34233180160 / 34359738368 / 32], which maps to Largest [LargestMinGB=32, LargerMinGB=12, DefaultMinGB=8, SmallerMinGB=6, SmallestMinGB=0)
[2021.06.09-21.24.48:267][  0]LogInit: Going up to parent DeviceProfile []
[2021.06.09-21.24.48:267][  0]LogConfig: Applying CVar settings from Section [ViewDistanceQuality@3] File [D:/PLIKI KOMPUTERA/UNI/I MGR/II SEMESTR/silniki/COLLABok/Collab/Saved/Config/Windows/Scalability.ini]
[2021.06.09-21.24.48:267][  0]LogConfig: Setting CVar [[r.SkeletalMeshLODBias:0]]
[2021.06.09-21.24.48:267][  0]LogConfig: Setting CVar [[r.ViewDistanceScale:1.0]]
[2021.06.09-21.24.48:267][  0]LogConfig: Applying CVar settings from Section [AntiAliasingQuality@3] File [D:/PLIKI KOMPUTERA/UNI/I MGR/II SEMESTR/silniki/COLLABok/Collab/Saved/Config/Windows/Scalability.ini]
[2021.06.09-21.24.48:267][  0]LogConfig: Setting CVar [[r.PostProcessAAQuality:4]]
[2021.06.09-21.24.48:267][  0]LogConfig: Applying CVar settings from Section [ShadowQuality@3] File [D:/PLIKI KOMPUTERA/UNI/I MGR/II SEMESTR/silniki/COLLABok/Collab/Saved/Config/Windows/Scalability.ini]
[2021.06.09-21.24.48:267][  0]LogConfig: Setting CVar [[r.LightFunctionQuality:1]]
[2021.06.09-21.24.48:267][  0]LogConfig: Setting CVar [[r.ShadowQuality:5]]
[2021.06.09-21.24.48:267][  0]LogConfig: Setting CVar [[r.Shadow.CSM.MaxCascades:10]]
[2021.06.09-21.24.48:267][  0]LogConfig: Setting CVar [[r.Shadow.MaxResolution:2048]]
[2021.06.09-21.24.48:267][  0]LogConfig: Setting CVar [[r.Shadow.MaxCSMResolution:2048]]
[2021.06.09-21.24.48:267][  0]LogConfig: Setting CVar [[r.Shadow.RadiusThreshold:0.01]]
[2021.06.09-21.24.48:267][  0]LogConfig: Setting CVar [[r.Shadow.DistanceScale:1.0]]
[2021.06.09-21.24.48:267][  0]LogConfig: Setting CVar [[r.Shadow.CSM.TransitionScale:1.0]]
[2021.06.09-21.24.48:267][  0]LogConfig: Setting CVar [[r.Shadow.PreShadowResolutionFactor:1.0]]
[2021.06.09-21.24.48:267][  0]LogConfig: Setting CVar [[r.DistanceFieldShadowing:1]]
[2021.06.09-21.24.48:267][  0]LogConfig: Setting CVar [[r.DistanceFieldAO:1]]
[2021.06.09-21.24.48:267][  0]LogConfig: Setting CVar [[r.AOQuality:2]]
[2021.06.09-21.24.48:267][  0]LogConfig: Setting CVar [[r.VolumetricFog:1]]
[2021.06.09-21.24.48:267][  0]LogConfig: Setting CVar [[r.VolumetricFog.GridPixelSize:8]]
[2021.06.09-21.24.48:267][  0]LogConfig: Setting CVar [[r.VolumetricFog.GridSizeZ:128]]
[2021.06.09-21.24.48:267][  0]LogConfig: Setting CVar [[r.VolumetricFog.HistoryMissSupersampleCount:4]]
[2021.06.09-21.24.48:267][  0]LogConfig: Setting CVar [[r.LightMaxDrawDistanceScale:1]]
[2021.06.09-21.24.48:267][  0]LogConfig: Setting CVar [[r.CapsuleShadows:1]]
[2021.06.09-21.24.48:267][  0]LogConfig: Applying CVar settings from Section [PostProcessQuality@3] File [D:/PLIKI KOMPUTERA/UNI/I MGR/II SEMESTR/silniki/COLLABok/Collab/Saved/Config/Windows/Scalability.ini]
[2021.06.09-21.24.48:267][  0]LogConfig: Setting CVar [[r.MotionBlurQuality:4]]
[2021.06.09-21.24.48:267][  0]LogConfig: Setting CVar [[r.AmbientOcclusionMipLevelFactor:0.4]]
[2021.06.09-21.24.48:267][  0]LogConfig: Setting CVar [[r.AmbientOcclusionMaxQuality:100]]
[2021.06.09-21.24.48:267][  0]LogConfig: Setting CVar [[r.AmbientOcclusionLevels:-1]]
[2021.06.09-21.24.48:267][  0]LogConfig: Setting CVar [[r.AmbientOcclusionRadiusScale:1.0]]
[2021.06.09-21.24.48:267][  0]LogConfig: Setting CVar [[r.DepthOfFieldQuality:2]]
[2021.06.09-21.24.48:267][  0]LogConfig: Setting CVar [[r.RenderTargetPoolMin:400]]
[2021.06.09-21.24.48:267][  0]LogConfig: Setting CVar [[r.LensFlareQuality:2]]
[2021.06.09-21.24.48:267][  0]LogConfig: Setting CVar [[r.SceneColorFringeQuality:1]]
[2021.06.09-21.24.48:267][  0]LogConfig: Setting CVar [[r.EyeAdaptationQuality:2]]
[2021.06.09-21.24.48:267][  0]LogConfig: Setting CVar [[r.BloomQuality:5]]
[2021.06.09-21.24.48:267][  0]LogConfig: Setting CVar [[r.FastBlurThreshold:100]]
[2021.06.09-21.24.48:267][  0]LogConfig: Setting CVar [[r.Upscale.Quality:3]]
[2021.06.09-21.24.48:267][  0]LogConfig: Setting CVar [[r.Tonemapper.GrainQuantization:1]]
[2021.06.09-21.24.48:267][  0]LogConfig: Setting CVar [[r.LightShaftQuality:1]]
[2021.06.09-21.24.48:267][  0]LogConfig: Setting CVar [[r.Filter.SizeScale:1]]
[2021.06.09-21.24.48:267][  0]LogConfig: Setting CVar [[r.Tonemapper.Quality:5]]
[2021.06.09-21.24.48:267][  0]LogConfig: Setting CVar [[r.DOF.Gather.AccumulatorQuality:1        ; higher gathering accumulator quality]]
[2021.06.09-21.24.48:267][  0]LogConfig: Setting CVar [[r.DOF.Gather.PostfilterMethod:1          ; Median3x3 postfilering method]]
[2021.06.09-21.24.48:267][  0]LogConfig: Setting CVar [[r.DOF.Gather.EnableBokehSettings:0       ; no bokeh simulation when gathering]]
[2021.06.09-21.24.48:267][  0]LogConfig: Setting CVar [[r.DOF.Gather.RingCount:4                 ; medium number of samples when gathering]]
[2021.06.09-21.24.48:267][  0]LogConfig: Setting CVar [[r.DOF.Scatter.ForegroundCompositing:1    ; additive foreground scattering]]
[2021.06.09-21.24.48:267][  0]LogConfig: Setting CVar [[r.DOF.Scatter.BackgroundCompositing:2    ; additive background scattering]]
[2021.06.09-21.24.48:267][  0]LogConfig: Setting CVar [[r.DOF.Scatter.EnableBokehSettings:1      ; bokeh simulation when scattering]]
[2021.06.09-21.24.48:267][  0]LogConfig: Setting CVar [[r.DOF.Scatter.MaxSpriteRatio:0.1         ; only a maximum of 10% of scattered bokeh]]
[2021.06.09-21.24.48:267][  0]LogConfig: Setting CVar [[r.DOF.Recombine.Quality:1                ; cheap slight out of focus]]
[2021.06.09-21.24.48:267][  0]LogConfig: Setting CVar [[r.DOF.Recombine.EnableBokehSettings:0    ; no bokeh simulation on slight out of focus]]
[2021.06.09-21.24.48:267][  0]LogConfig: Setting CVar [[r.DOF.TemporalAAQuality:1                ; more stable temporal accumulation]]
[2021.06.09-21.24.48:267][  0]LogConfig: Setting CVar [[r.DOF.Kernel.MaxForegroundRadius:0.025]]
[2021.06.09-21.24.48:267][  0]LogConfig: Setting CVar [[r.DOF.Kernel.MaxBackgroundRadius:0.025]]
[2021.06.09-21.24.48:267][  0]LogConfig: Applying CVar settings from Section [TextureQuality@3] File [D:/PLIKI KOMPUTERA/UNI/I MGR/II SEMESTR/silniki/COLLABok/Collab/Saved/Config/Windows/Scalability.ini]
[2021.06.09-21.24.48:267][  0]LogConfig: Setting CVar [[r.Streaming.MipBias:0]]
[2021.06.09-21.24.48:267][  0]LogConfig: Setting CVar [[r.Streaming.AmortizeCPUToGPUCopy:0]]
[2021.06.09-21.24.48:267][  0]LogConfig: Setting CVar [[r.Streaming.MaxNumTexturesToStreamPerFrame:0]]
[2021.06.09-21.24.48:267][  0]LogConfig: Setting CVar [[r.Streaming.Boost:1]]
[2021.06.09-21.24.48:267][  0]LogConfig: Setting CVar [[r.MaxAnisotropy:8]]
[2021.06.09-21.24.48:267][  0]LogConfig: Setting CVar [[r.VT.MaxAnisotropy:8]]
[2021.06.09-21.24.48:267][  0]LogConfig: Setting CVar [[r.Streaming.LimitPoolSizeToVRAM:0]]
[2021.06.09-21.24.48:267][  0]LogConfig: Setting CVar [[r.Streaming.PoolSize:1000]]
[2021.06.09-21.24.48:267][  0]LogConfig: Setting CVar [[r.Streaming.MaxEffectiveScreenSize:0]]
[2021.06.09-21.24.48:267][  0]LogConfig: Applying CVar settings from Section [EffectsQuality@3] File [D:/PLIKI KOMPUTERA/UNI/I MGR/II SEMESTR/silniki/COLLABok/Collab/Saved/Config/Windows/Scalability.ini]
[2021.06.09-21.24.48:267][  0]LogConfig: Setting CVar [[r.TranslucencyLightingVolumeDim:64]]
[2021.06.09-21.24.48:267][  0]LogConfig: Setting CVar [[r.RefractionQuality:2]]
[2021.06.09-21.24.48:267][  0]LogConfig: Setting CVar [[r.SSR.Quality:3]]
[2021.06.09-21.24.48:267][  0]LogConfig: Setting CVar [[r.SSR.HalfResSceneColor:0]]
[2021.06.09-21.24.48:267][  0]LogConfig: Setting CVar [[r.SceneColorFormat:4]]
[2021.06.09-21.24.48:267][  0]LogConfig: Setting CVar [[r.DetailMode:2]]
[2021.06.09-21.24.48:267][  0]LogConfig: Setting CVar [[r.TranslucencyVolumeBlur:1]]
[2021.06.09-21.24.48:267][  0]LogConfig: Setting CVar [[r.MaterialQualityLevel:1 ; High quality]]
[2021.06.09-21.24.48:267][  0]LogConfig: Setting CVar [[r.SSS.Scale:1]]
[2021.06.09-21.24.48:268][  0]LogConfig: Setting CVar [[r.SSS.SampleSet:2]]
[2021.06.09-21.24.48:268][  0]LogConfig: Setting CVar [[r.SSS.Quality:1]]
[2021.06.09-21.24.48:268][  0]LogConfig: Setting CVar [[r.SSS.HalfRes:0]]
[2021.06.09-21.24.48:268][  0]LogConfig: Setting CVar [[r.SSGI.Quality:3]]
[2021.06.09-21.24.48:268][  0]LogConfig: Setting CVar [[r.EmitterSpawnRateScale:1.0]]
[2021.06.09-21.24.48:268][  0]LogConfig: Setting CVar [[r.ParticleLightQuality:2]]
[2021.06.09-21.24.48:268][  0]LogConfig: Setting CVar [[r.SkyAtmosphere.AerialPerspectiveLUT.FastApplyOnOpaque:1 ; Always have FastSkyLUT 1 in this case to avoid wrong sky]]
[2021.06.09-21.24.48:268][  0]LogConfig: Setting CVar [[r.SkyAtmosphere.AerialPerspectiveLUT.SampleCountPerSlice:1]]
[2021.06.09-21.24.48:268][  0]LogConfig: Setting CVar [[r.SkyAtmosphere.AerialPerspectiveLUT.DepthResolution:16.0]]
[2021.06.09-21.24.48:268][  0]LogConfig: Setting CVar [[r.SkyAtmosphere.FastSkyLUT:1]]
[2021.06.09-21.24.48:268][  0]LogConfig: Setting CVar [[r.SkyAtmosphere.FastSkyLUT.SampleCountMin:4.0]]
[2021.06.09-21.24.48:268][  0]LogConfig: Setting CVar [[r.SkyAtmosphere.FastSkyLUT.SampleCountMax:32.0]]
[2021.06.09-21.24.48:268][  0]LogConfig: Setting CVar [[r.SkyAtmosphere.SampleCountMin:4.0]]
[2021.06.09-21.24.48:268][  0]LogConfig: Setting CVar [[r.SkyAtmosphere.SampleCountMax:32.0]]
[2021.06.09-21.24.48:268][  0]LogConfig: Setting CVar [[r.SkyAtmosphere.TransmittanceLUT.UseSmallFormat:0]]
[2021.06.09-21.24.48:268][  0]LogConfig: Setting CVar [[r.SkyAtmosphere.TransmittanceLUT.SampleCount:10.0]]
[2021.06.09-21.24.48:268][  0]LogConfig: Setting CVar [[r.SkyAtmosphere.MultiScatteringLUT.SampleCount:15.0]]
[2021.06.09-21.24.48:268][  0]LogConfig: Applying CVar settings from Section [FoliageQuality@3] File [D:/PLIKI KOMPUTERA/UNI/I MGR/II SEMESTR/silniki/COLLABok/Collab/Saved/Config/Windows/Scalability.ini]
[2021.06.09-21.24.48:268][  0]LogConfig: Setting CVar [[foliage.DensityScale:1.0]]
[2021.06.09-21.24.48:268][  0]LogConfig: Setting CVar [[grass.DensityScale:1.0]]
[2021.06.09-21.24.48:268][  0]LogConfig: Applying CVar settings from Section [ShadingQuality@3] File [D:/PLIKI KOMPUTERA/UNI/I MGR/II SEMESTR/silniki/COLLABok/Collab/Saved/Config/Windows/Scalability.ini]
[2021.06.09-21.24.48:268][  0]LogConfig: Setting CVar [[r.HairStrands.SkyLighting.SampleCount:16]]
[2021.06.09-21.24.48:268][  0]LogConfig: Setting CVar [[r.HairStrands.SkyLighting.JitterIntegration:0]]
[2021.06.09-21.24.48:268][  0]LogConfig: Setting CVar [[r.HairStrands.SkyAO.SampleCount:16]]
[2021.06.09-21.24.48:268][  0]LogConfig: Setting CVar [[r.HairStrands.DeepShadow.SuperSampling:0]]
[2021.06.09-21.24.48:268][  0]LogConfig: Setting CVar [[r.HairStrands.VisibilityPPLL:0]]
[2021.06.09-21.24.48:268][  0]LogConfig: Setting CVar [[r.HairStrands.RasterizationScale:0.5]]
[2021.06.09-21.24.48:268][  0]LogConfig: Setting CVar [[r.HairStrands.VelocityRasterizationScale:1]]
[2021.06.09-21.24.48:268][  0]LogConfig: Applying CVar settings from Section [Startup] File [../../../Engine/Config/ConsoleVariables.ini]
[2021.06.09-21.24.48:268][  0]LogConfig: Setting CVar [[net.UseAdaptiveNetUpdateFrequency:0]]
[2021.06.09-21.24.48:268][  0]LogConfig: Setting CVar [[p.chaos.AllowCreatePhysxBodies:1]]
[2021.06.09-21.24.48:268][  0]LogConfig: Setting CVar [[fx.SkipVectorVMBackendOptimizations:1]]
[2021.06.09-21.24.48:268][  0]LogConfig: Applying CVar settings from Section [ConsoleVariables] File [D:/PLIKI KOMPUTERA/UNI/I MGR/II SEMESTR/silniki/COLLABok/Collab/Saved/Config/Windows/Engine.ini]
[2021.06.09-21.24.48:268][  0]LogInit: Computer: DESKTOP-MFI4SSN
[2021.06.09-21.24.48:268][  0]LogInit: User: Aleksandra
[2021.06.09-21.24.48:268][  0]LogInit: CPU Page size=4096, Cores=6
[2021.06.09-21.24.48:268][  0]LogInit: High frequency timer resolution =10.000000 MHz
[2021.06.09-21.24.48:268][  0]LogMemory: Memory total: Physical=31.9GB (32GB approx)
[2021.06.09-21.24.48:268][  0]LogMemory: Platform Memory Stats for Windows
[2021.06.09-21.24.48:268][  0]LogMemory: Process Physical Memory: 116.03 MB used, 116.04 MB peak
[2021.06.09-21.24.48:268][  0]LogMemory: Process Virtual Memory: 97.43 MB used, 97.43 MB peak
[2021.06.09-21.24.48:268][  0]LogMemory: Physical Memory: 13241.93 MB used,  19405.37 MB free, 32647.30 MB total
[2021.06.09-21.24.48:268][  0]LogMemory: Virtual Memory: 5168.34 MB used,  134212560.00 MB free, 134217728.00 MB total
[2021.06.09-21.24.48:274][  0]LogWindows: WindowsPlatformFeatures enabled
[2021.06.09-21.24.48:316][  0]LogInit: Physics initialised using underlying interface: PhysX
[2021.06.09-21.24.48:317][  0]LogInit: Using OS detected language (pl-PL).
[2021.06.09-21.24.48:317][  0]LogInit: Using OS detected locale (pl-PL).
[2021.06.09-21.24.48:318][  0]LogTextLocalizationManager: No specific localization for 'pl-PL' exists, so the 'pl' localization will be used.
[2021.06.09-21.24.48:318][  0]LogTextLocalizationResource: LocRes '../../../Engine/Content/Localization/Editor/pl/Editor.locres' could not be opened for reading!
[2021.06.09-21.24.48:318][  0]LogTextLocalizationResource: LocRes '../../../Engine/Content/Localization/EditorTutorials/pl/EditorTutorials.locres' could not be opened for reading!
[2021.06.09-21.24.48:318][  0]LogTextLocalizationResource: LocRes '../../../Engine/Content/Localization/Keywords/pl/Keywords.locres' could not be opened for reading!
[2021.06.09-21.24.48:318][  0]LogTextLocalizationResource: LocRes '../../../Engine/Content/Localization/Category/pl/Category.locres' could not be opened for reading!
[2021.06.09-21.24.48:318][  0]LogTextLocalizationResource: LocRes '../../../Engine/Content/Localization/ToolTips/pl/ToolTips.locres' could not be opened for reading!
[2021.06.09-21.24.48:318][  0]LogTextLocalizationResource: LocRes '../../../Engine/Content/Localization/PropertyNames/pl/PropertyNames.locres' could not be opened for reading!
[2021.06.09-21.24.48:318][  0]LogTextLocalizationResource: LocRes '../../../Engine/Content/Localization/Engine/pl/Engine.locres' could not be opened for reading!
[2021.06.09-21.24.48:319][  0]LogInit: Setting process to per monitor DPI aware
[2021.06.09-21.24.48:353][  0]LogSlate: New Slate User Created.  User Index 0, Is Virtual User: 0
[2021.06.09-21.24.48:354][  0]LogSlate: Slate User Registered.  User Index 0, Is Virtual User: 0
[2021.06.09-21.24.48:494][  0]LogHMD: Failed to initialize OpenVR with code 110
[2021.06.09-21.24.48:494][  0]LogD3D11RHI: D3D11 min allowed feature level: 11_0
[2021.06.09-21.24.48:494][  0]LogD3D11RHI: D3D11 max allowed feature level: 11_0
[2021.06.09-21.24.48:494][  0]LogD3D11RHI: D3D11 adapters:
[2021.06.09-21.24.48:567][  0]LogD3D11RHI:    0. 'NVIDIA GeForce GTX 1080' (Feature Level 11_0)
[2021.06.09-21.24.48:567][  0]LogD3D11RHI:       8079/0/16323 MB DedicatedVideo/DedicatedSystem/SharedSystem, Outputs:1, VendorId:0x10de
[2021.06.09-21.24.48:586][  0]LogD3D11RHI:    1. 'Intel(R) UHD Graphics 630' (Feature Level 11_0)
[2021.06.09-21.24.48:586][  0]LogD3D11RHI:       128/0/16323 MB DedicatedVideo/DedicatedSystem/SharedSystem, Outputs:1, VendorId:0x8086
[2021.06.09-21.24.48:588][  0]LogD3D11RHI:    2. 'Microsoft Basic Render Driver' (Feature Level 11_0)
[2021.06.09-21.24.48:588][  0]LogD3D11RHI:       0/0/16323 MB DedicatedVideo/DedicatedSystem/SharedSystem, Outputs:0, VendorId:0x1414
[2021.06.09-21.24.48:588][  0]LogD3D11RHI: Chosen D3D11 Adapter: 0
[2021.06.09-21.24.48:596][  0]LogD3D11RHI: Creating new Direct3DDevice
[2021.06.09-21.24.48:596][  0]LogD3D11RHI:     GPU DeviceId: 0x1b80 (for the marketing name, search the web for "GPU Device Id")
[2021.06.09-21.24.48:596][  0]LogWindows: EnumDisplayDevices:
[2021.06.09-21.24.48:596][  0]LogWindows:    0. 'NVIDIA GeForce GTX 1080' (P:1 D:1)
[2021.06.09-21.24.48:596][  0]LogWindows:    1. 'NVIDIA GeForce GTX 1080' (P:0 D:0)
[2021.06.09-21.24.48:597][  0]LogWindows:    2. 'NVIDIA GeForce GTX 1080' (P:0 D:0)
[2021.06.09-21.24.48:597][  0]LogWindows:    3. 'NVIDIA GeForce GTX 1080' (P:0 D:0)
[2021.06.09-21.24.48:597][  0]LogWindows:    4. 'Intel(R) UHD Graphics 630' (P:0 D:1)
[2021.06.09-21.24.48:598][  0]LogWindows:    5. 'Intel(R) UHD Graphics 630' (P:0 D:0)
[2021.06.09-21.24.48:598][  0]LogWindows:    6. 'Intel(R) UHD Graphics 630' (P:0 D:0)
[2021.06.09-21.24.48:598][  0]LogWindows: DebugString: PrimaryIsNotTheChoosenAdapter PrimaryIsNotTheChoosenAdapter PrimaryIsNotTheChoosenAdapter FoundDriverCount:4 
[2021.06.09-21.24.48:598][  0]LogD3D11RHI:     Adapter Name: NVIDIA GeForce GTX 1080
[2021.06.09-21.24.48:598][  0]LogD3D11RHI:   Driver Version: 456.71 (internal:27.21.14.5671, unified:456.71)
[2021.06.09-21.24.48:598][  0]LogD3D11RHI:      Driver Date: 9-30-2020
[2021.06.09-21.24.48:598][  0]LogRHI: Texture pool is 5655 MB (70% of 8079 MB)
[2021.06.09-21.24.48:653][  0]LogD3D11RHI: RHI has support for 64 bit atomics
[2021.06.09-21.24.48:654][  0]LogD3D11RHI: [Aftermath] Enabled and primed
[2021.06.09-21.24.48:654][  0]LogD3D11RHI: Async texture creation enabled
[2021.06.09-21.24.48:654][  0]LogD3D11RHI: Array index from any shader is supported
[2021.06.09-21.24.48:672][  0]LogD3D11RHI: GPU Timing Frequency: 1000.000000 (Debug: 2 1)
[2021.06.09-21.24.48:932][  0]LogTargetPlatformManager: Display: Loaded TargetPlatform 'AllDesktop'
[2021.06.09-21.24.48:950][  0]LogTargetPlatformManager: Display: Loaded TargetPlatform 'Android'
[2021.06.09-21.24.48:950][  0]LogTargetPlatformManager: Display: Loaded TargetPlatform 'Android_ASTC'
[2021.06.09-21.24.48:950][  0]LogTargetPlatformManager: Display: Loaded TargetPlatform 'Android_DXT'
[2021.06.09-21.24.48:950][  0]LogTargetPlatformManager: Display: Loaded TargetPlatform 'Android_ETC2'
[2021.06.09-21.24.48:950][  0]LogTargetPlatformManager: Display: Loaded TargetPlatform 'AndroidClient'
[2021.06.09-21.24.48:950][  0]LogTargetPlatformManager: Display: Loaded TargetPlatform 'Android_ASTCClient'
[2021.06.09-21.24.48:950][  0]LogTargetPlatformManager: Display: Loaded TargetPlatform 'Android_DXTClient'
[2021.06.09-21.24.48:950][  0]LogTargetPlatformManager: Display: Loaded TargetPlatform 'Android_ETC2Client'
[2021.06.09-21.24.48:950][  0]LogTargetPlatformManager: Display: Loaded TargetPlatform 'Android_Multi'
[2021.06.09-21.24.48:950][  0]LogTargetPlatformManager: Display: Loaded TargetPlatform 'Android_MultiClient'
[2021.06.09-21.24.48:971][  0]LogTargetPlatformManager: Display: Loaded TargetPlatform 'IOSClient'
[2021.06.09-21.24.48:971][  0]LogTargetPlatformManager: Display: Loaded TargetPlatform 'IOS'
[2021.06.09-21.24.48:979][  0]LogTargetPlatformManager: Display: Loaded TargetPlatform 'Linux'
[2021.06.09-21.24.48:987][  0]LogTargetPlatformManager: Display: Loaded TargetPlatform 'LinuxNoEditor'
[2021.06.09-21.24.48:995][  0]LogTargetPlatformManager: Display: Loaded TargetPlatform 'LinuxClient'
[2021.06.09-21.24.49:002][  0]LogTargetPlatformManager: Display: Loaded TargetPlatform 'LinuxServer'
[2021.06.09-21.24.49:010][  0]LogTargetPlatformManager: Display: Loaded TargetPlatform 'LinuxAArch64NoEditor'
[2021.06.09-21.24.49:018][  0]LogTargetPlatformManager: Display: Loaded TargetPlatform 'LinuxAArch64Client'
[2021.06.09-21.24.49:026][  0]LogTargetPlatformManager: Display: Loaded TargetPlatform 'LinuxAArch64Server'
[2021.06.09-21.24.49:053][  0]LogTargetPlatformManager: Display: Loaded TargetPlatform 'Lumin'
[2021.06.09-21.24.49:053][  0]LogTargetPlatformManager: Display: Loaded TargetPlatform 'LuminClient'
[2021.06.09-21.24.49:066][  0]LogTargetPlatformManager: Display: Loaded TargetPlatform 'TVOSClient'
[2021.06.09-21.24.49:066][  0]LogTargetPlatformManager: Display: Loaded TargetPlatform 'TVOS'
[2021.06.09-21.24.49:074][  0]LogTargetPlatformManager: Display: Loaded TargetPlatform 'WindowsNoEditor'
[2021.06.09-21.24.49:081][  0]LogTargetPlatformManager: Display: Loaded TargetPlatform 'Windows'
[2021.06.09-21.24.49:089][  0]LogTargetPlatformManager: Display: Loaded TargetPlatform 'WindowsClient'
[2021.06.09-21.24.49:101][  0]LogTargetPlatformManager: Display: Loaded TargetPlatform 'WindowsServer'
[2021.06.09-21.24.49:101][  0]LogTargetPlatformManager: Display: Building Assets For Windows
[2021.06.09-21.24.49:109][  0]LogAudioDebug: Display: Lib vorbis DLL was dynamically loaded.
[2021.06.09-21.24.49:155][  0]LogShaderCompilers: Guid format shader working directory is -24 characters bigger than the processId version (../../../../../PLIKI KOMPUTERA/UNI/I MGR/II SEMESTR/silniki/COLLABok/Collab/Intermediate/Shaders/WorkingDirectory/6088/).
[2021.06.09-21.24.49:156][  0]LogShaderCompilers: Cleaned the shader compiler working directory 'C:/Users/Aleksandra/AppData/Local/Temp/UnrealShaderWorkingDir/5FDE919E4237A4809740908E823B1DDB/'.
[2021.06.09-21.24.49:156][  0]LogXGEController: Cannot use XGE Controller as Incredibuild is not installed on this machine.
[2021.06.09-21.24.49:156][  0]LogShaderCompilers: Cannot use XGE Shader Compiler as Incredibuild is not installed on this machine.
[2021.06.09-21.24.49:156][  0]LogShaderCompilers: Display: Using Local Shader Compiler.
[2021.06.09-21.24.49:818][  0]LogDerivedDataCache: Display: Max Cache Size: 512 MB
[2021.06.09-21.24.49:874][  0]LogDerivedDataCache: Loaded boot cache 0.06s 104MB C:/Users/Aleksandra/AppData/Local/UnrealEngine/4.25/DerivedDataCache/Boot.ddc.
[2021.06.09-21.24.49:875][  0]LogDerivedDataCache: Display: Loaded Boot cache: C:/Users/Aleksandra/AppData/Local/UnrealEngine/4.25/DerivedDataCache/Boot.ddc
[2021.06.09-21.24.49:875][  0]LogDerivedDataCache: FDerivedDataBackendGraph:  Pak pak cache file ../../../../../PLIKI KOMPUTERA/UNI/I MGR/II SEMESTR/silniki/COLLABok/Collab/DerivedDataCache/DDC.ddp not found, will not use a pak cache.
[2021.06.09-21.24.49:875][  0]LogDerivedDataCache: Unable to find inner node Pak for hierarchical cache Hierarchy.
[2021.06.09-21.24.49:875][  0]LogDerivedDataCache: FDerivedDataBackendGraph:  CompressedPak pak cache file ../../../../../PLIKI KOMPUTERA/UNI/I MGR/II SEMESTR/silniki/COLLABok/Collab/DerivedDataCache/Compressed.ddp not found, will not use a pak cache.
[2021.06.09-21.24.49:875][  0]LogDerivedDataCache: Unable to find inner node CompressedPak for hierarchical cache Hierarchy.
[2021.06.09-21.24.49:883][  0]LogDerivedDataCache: Display: Pak cache opened for reading ../../../Engine/DerivedDataCache/Compressed.ddp.
[2021.06.09-21.24.49:883][  0]LogDerivedDataCache: FDerivedDataBackendGraph:  EnterprisePak pak cache file ../../../Enterprise/DerivedDataCache/Compressed.ddp not found, will not use a pak cache.
[2021.06.09-21.24.49:883][  0]LogDerivedDataCache: Unable to find inner node EnterprisePak for hierarchical cache Hierarchy.
[2021.06.09-21.24.49:885][  0]LogDerivedDataCache: Using Local data cache path C:/Users/Aleksandra/AppData/Local/UnrealEngine/Common/DerivedDataCache: Writable
[2021.06.09-21.24.49:885][  0]LogDerivedDataCache: Shared data cache path not found in *engine.ini, will not use an Shared cache.
[2021.06.09-21.24.49:885][  0]LogDerivedDataCache: Unable to find inner node Shared for hierarchical cache Hierarchy.
[2021.06.09-21.24.49:936][  0]LogSlate: Using FreeType 2.10.0
[2021.06.09-21.24.49:936][  0]LogSlate: SlateFontServices - WITH_FREETYPE: 1, WITH_HARFBUZZ: 1
[2021.06.09-21.24.49:959][  0]LogAssetRegistry: FAssetRegistry took 0.0021 seconds to start up
[2021.06.09-21.24.50:141][  0]LogInit: Selected Device Profile: [Windows]
[2021.06.09-21.24.50:235][  0]LogMeshReduction: Using QuadricMeshReduction for automatic static mesh reduction
[2021.06.09-21.24.50:235][  0]LogMeshReduction: Using SimplygonMeshReduction for automatic skeletal mesh reduction
[2021.06.09-21.24.50:235][  0]LogMeshReduction: Using ProxyLODMeshReduction for automatic mesh merging
[2021.06.09-21.24.50:235][  0]LogMeshReduction: No distributed automatic mesh merging module available
[2021.06.09-21.24.50:236][  0]LogMeshMerging: No distributed automatic mesh merging module available
[2021.06.09-21.24.50:249][  0]LogNetVersion: Collab 1.0.0, NetCL: 13144385, EngineNetVer: 14, GameNetVer: 0 (Checksum: 1890971174)
[2021.06.09-21.24.50:604][  0]LogAISub: UAISubsystem::UAISubsystem AISubsystem (000001BDB8144E00), frame # 0
[2021.06.09-21.24.50:604][  0]LogAISub: UAISubsystem::UAISubsystem AIPerceptionSystem (000001BDB8061440), frame # 0
[2021.06.09-21.24.50:605][  0]LogAISub: UAISubsystem::UAISubsystem EnvQueryManager (000001BDB806EE00), frame # 0
[2021.06.09-21.24.50:636][  0]LogPackageLocalizationCache: Processed 19 localized package path(s) for 1 prioritized culture(s) in 0.026233 seconds
[2021.06.09-21.24.50:640][  0]LogUObjectArray: 15917 objects as part of root set at end of initial load.
[2021.06.09-21.24.50:640][  0]LogUObjectAllocator: 3965568 out of 0 bytes used by permanent object pool.
[2021.06.09-21.24.50:640][  0]LogUObjectArray: CloseDisregardForGC: 0/0 objects in disregard for GC pool
[2021.06.09-21.24.50:903][  0]LogTcpMessaging: Initializing TcpMessaging bridge
[2021.06.09-21.24.50:907][  0]LogUdpMessaging: Initializing bridge on interface 0.0.0.0:0 to multicast group 230.0.0.1:6666.
[2021.06.09-21.24.50:970][  0]SourceControl: Source control is disabled
[2021.06.09-21.24.50:970][  0]SourceControl: Source control is disabled
[2021.06.09-21.24.50:972][  0]SourceControl: Source control is disabled
[2021.06.09-21.24.50:975][  0]SourceControl: Source control is disabled
[2021.06.09-21.24.50:980][  0]SourceControl: Source control is disabled
[2021.06.09-21.24.51:168][  0]LogAndroidPermission: UAndroidPermissionCallbackProxy::GetInstance
[2021.06.09-21.24.51:183][  0]LogAudioCaptureCore: Display: No Audio Capture implementations found. Audio input will be silent.
[2021.06.09-21.24.51:183][  0]LogAudioCaptureCore: Display: No Audio Capture implementations found. Audio input will be silent.
[2021.06.09-21.24.51:221][  0]LogOcInput: OculusInput pre-init called
[2021.06.09-21.24.51:229][  0]LogWindows: Failed to load 'OVRPlugin.dll' (GetLastError=126)
[2021.06.09-21.24.51:229][  0]LogWindows: File 'OVRPlugin.dll' does not exist
[2021.06.09-21.24.51:278][  0]LogEngine: Initializing Engine...
[2021.06.09-21.24.51:279][  0]LogHMD: Failed to initialize OpenVR with code 110
[2021.06.09-21.24.51:279][  0]LogMagicLeap: Warning: VR disabled because ZI is not enabled.  To enable, in the editor, Edit -> Project Settings -> Plugins -> Magic Leap Plugin -> Enable Zero Iteration
[2021.06.09-21.24.51:280][  0]LogStats: UGameplayTagsManager::InitializeManager -  0.000 s
[2021.06.09-21.24.51:380][  0]LogInit: Initializing FReadOnlyCVARCache
[2021.06.09-21.24.51:387][  0]LogAIModule: Creating AISystem for world Untitled
[2021.06.09-21.24.51:387][  0]LogAISub: UAISubsystem::UAISubsystem EnvQueryManager (000001BDBCED0600), frame # 0
[2021.06.09-21.24.51:387][  0]LogAISub: UAISubsystem::UAISubsystem AIPerceptionSystem (000001BDBCEB2480), frame # 0
[2021.06.09-21.24.51:404][  0]LogAudioMixer: Display: Audio Mixer Platform Settings:
[2021.06.09-21.24.51:404][  0]LogAudioMixer: Display: 	Sample Rate:						  48000
[2021.06.09-21.24.51:404][  0]LogAudioMixer: Display: 	Callback Buffer Frame Size Requested: 1024
[2021.06.09-21.24.51:404][  0]LogAudioMixer: Display: 	Callback Buffer Frame Size To Use:	  1024
[2021.06.09-21.24.51:404][  0]LogAudioMixer: Display: 	Number of buffers to queue:			  2
[2021.06.09-21.24.51:404][  0]LogAudioMixer: Display: 	Max Channels (voices):				  32
[2021.06.09-21.24.51:404][  0]LogAudioMixer: Display: 	Number of Async Source Workers:		  0
[2021.06.09-21.24.51:404][  0]LogAudio: Display: AudioDevice MaxSources: 32
[2021.06.09-21.24.51:405][  0]LogAudio: Display: Using built-in audio occlusion.
[2021.06.09-21.24.51:405][  0]LogAudioMixer: Display: Initializing audio mixer.
[2021.06.09-21.24.51:420][  0]LogAudioMixer: Display: 0: FrontLeft
[2021.06.09-21.24.51:420][  0]LogAudioMixer: Display: 1: FrontRight
[2021.06.09-21.24.51:458][  0]LogAudioMixer: Display: Using Audio Device Głośniki (Realtek(R) Audio)
[2021.06.09-21.24.51:460][  0]LogAudioMixer: Display: Initializing Sound Submixes...
[2021.06.09-21.24.51:462][  0]LogAudioMixer: Display: Creating Master Submix 'MasterSubmixDefault'
[2021.06.09-21.24.51:462][  0]LogAudioMixer: Display: Creating Master Submix 'MasterReverbSubmixDefault'
[2021.06.09-21.24.51:462][  0]LogAudioMixer: Display: Creating Master Submix 'MasterEQSubmixDefault'
[2021.06.09-21.24.51:463][  0]LogInit: FAudioDevice initialized.
[2021.06.09-21.24.51:463][  0]LogNetVersion: Set ProjectVersion to 1.0.0.0. Version Checksum will be recalculated on next use.
[2021.06.09-21.24.51:542][  0]LogDerivedDataCache: Saved boot cache 0.08s 104MB C:/Users/Aleksandra/AppData/Local/UnrealEngine/4.25/DerivedDataCache/Boot.ddc.
[2021.06.09-21.24.51:543][  0]LogInit: Texture streaming: Enabled
[2021.06.09-21.24.51:557][  0]LogEngineSessionManager: EngineSessionManager initialized
[2021.06.09-21.24.51:558][  0]LogEditorSessionSummary: Verbose: Initializing EditorSessionSummaryWriter for editor session tracking
[2021.06.09-21.24.51:563][  0]LogEditorSessionSummary: EditorSessionSummaryWriter initialized
[2021.06.09-21.24.51:592][  0]LogInit: Transaction tracking system initialized
[2021.06.09-21.24.51:609][  0]BlueprintLog: New page: Editor Load
[2021.06.09-21.24.51:667][  0]LocalizationService: Localization service is disabled
[2021.06.09-21.24.51:785][  0]LogCook: Display: Max memory allowance for cook 16384mb min free memory 0mb
[2021.06.09-21.24.51:785][  0]LogCook: Display: Mobile HDR setting 1
[2021.06.09-21.24.51:798][  0]LogFileCache: Scanning file cache for directory 'D:/PLIKI KOMPUTERA/UNI/I MGR/II SEMESTR/silniki/COLLABok/Collab/Content/' took 0.00s
[2021.06.09-21.24.52:076][  0]SourceControl: Source control is disabled
[2021.06.09-21.24.52:076][  0]LogUnrealEdMisc: Loading editor; pre map load, took 4.928
[2021.06.09-21.24.52:076][  0]Cmd: MAP LOAD FILE="../../../../../PLIKI KOMPUTERA/UNI/I MGR/II SEMESTR/silniki/COLLABok/Collab/Content/StarterContent/Maps/Minimal_Default.umap" TEMPLATE=0 SHOWPROGRESS=1 FEATURELEVEL=3
[2021.06.09-21.24.52:076][  0]LightingResults: New page: Lighting Build
[2021.06.09-21.24.52:077][  0]LogWorld: UWorld::CleanupWorld for Untitled, bSessionEnded=true, bCleanupResources=true
[2021.06.09-21.24.52:077][  0]LogSlate: InvalidateAllWidgets triggered.  All widgets were invalidated
[2021.06.09-21.24.52:077][  0]MapCheck: New page: Map Check
[2021.06.09-21.24.52:077][  0]LightingResults: New page: Lighting Build
[2021.06.09-21.24.52:088][  0]LogAISub: UAISubsystem::~UAISubsystem EnvQueryManager (000001BDBCED0600), frame # 0
[2021.06.09-21.24.52:088][  0]LogAISub: UAISubsystem::~UAISubsystem AIPerceptionSystem (000001BDBCEB2480), frame # 0
[2021.06.09-21.24.52:089][  0]LogUObjectHash: Compacting FUObjectHashTables data took   0.57ms
[2021.06.09-21.24.52:140][  0]LogLinker: Warning: While loading '../../../../../PLIKI KOMPUTERA/UNI/I MGR/II SEMESTR/silniki/COLLABok/Collab/Content/StarterContent/Maps/Minimal_Default.umap' failed to load '/Game/StarterContent/Maps/Minimal_Default_BuiltData': Can't find file.
[2021.06.09-21.24.52:140][  0]LogLinker: Warning: While loading '../../../../../PLIKI KOMPUTERA/UNI/I MGR/II SEMESTR/silniki/COLLABok/Collab/Content/StarterContent/Maps/Minimal_Default.umap' failed to load '/Game/StarterContent/Maps/Minimal_Default_BuiltData': Can't find file.
[2021.06.09-21.24.52:548][  0]LogLinker: Warning: While loading '../../../../../PLIKI KOMPUTERA/UNI/I MGR/II SEMESTR/silniki/COLLABok/Collab/Content/StarterContent/Maps/Minimal_Default.umap' failed to load '/Game/StarterContent/Maps/Minimal_Default_BuiltData': Can't find file.
[2021.06.09-21.24.52:548][  0]LogLinker: Warning: While loading '../../../../../PLIKI KOMPUTERA/UNI/I MGR/II SEMESTR/silniki/COLLABok/Collab/Content/StarterContent/Maps/Minimal_Default.umap' failed to load '/Game/StarterContent/Maps/Minimal_Default_BuiltData': Can't find file.
[2021.06.09-21.24.52:805][  0]LogLinker: Warning: Failed to load '/Game/StarterContent/Maps/Minimal_Default_BuiltData': Can't find file.
[2021.06.09-21.24.52:806][  0]LogLinker: Warning: Failed to load '/Game/StarterContent/Maps/Minimal_Default_BuiltData': Can't find file.
[2021.06.09-21.24.52:806][  0]LogLinker: Warning: Failed to load '/Game/StarterContent/Maps/Minimal_Default_BuiltData': Can't find file.
[2021.06.09-21.24.52:806][  0]LogLinker: Warning: Failed to load '/Game/StarterContent/Maps/Minimal_Default_BuiltData': Can't find file.
[2021.06.09-21.24.52:818][  0]LogLinker: Warning: While loading '../../../../../PLIKI KOMPUTERA/UNI/I MGR/II SEMESTR/silniki/COLLABok/Collab/Content/StarterContent/Maps/Minimal_Default.umap' failed to load '/Game/StarterContent/Maps/Minimal_Default_BuiltData': Can't find file.
[2021.06.09-21.24.52:818][  0]LoadErrors: Failed to load /Game/StarterContent/Maps/Minimal_Default_BuiltData.Minimal_Default_BuiltData Referenced by PersistentLevel
[2021.06.09-21.24.52:819][  0]LogLinker: Warning: While loading '../../../../../PLIKI KOMPUTERA/UNI/I MGR/II SEMESTR/silniki/COLLABok/Collab/Content/StarterContent/Maps/Minimal_Default.umap' failed to load '/Game/StarterContent/Maps/Minimal_Default_BuiltData': Can't find file.
[2021.06.09-21.24.52:819][  0]LoadErrors: Failed to load /Game/StarterContent/Maps/Minimal_Default_BuiltData.Minimal_Default_BuiltData Referenced by PersistentLevel
[2021.06.09-21.24.53:386][  0]LogStaticMesh: Building static mesh Floor_400x400...
[2021.06.09-21.24.53:414][  0]LogStaticMesh: Built static mesh [0.03s] /Game/StarterContent/Architecture/Floor_400x400.Floor_400x400
[2021.06.09-21.24.53:614][  0]LogAIModule: Creating AISystem for world Minimal_Default
[2021.06.09-21.24.53:614][  0]LogAISub: UAISubsystem::UAISubsystem EnvQueryManager (000001BDA53BC600), frame # 0
[2021.06.09-21.24.53:614][  0]LogAISub: UAISubsystem::UAISubsystem AIPerceptionSystem (000001BDA5375800), frame # 0
[2021.06.09-21.24.53:639][  0]LogEditorServer: Finished looking for orphan Actors (0.000 secs)
[2021.06.09-21.24.53:649][  0]LogUObjectHash: Compacting FUObjectHashTables data took   0.61ms
[2021.06.09-21.24.53:649][  0]Cmd: MAP CHECKDEP NOCLEARLOG
[2021.06.09-21.24.53:649][  0]MapCheck: Map check complete: 0 Error(s), 0 Warning(s), took 0,075ms to complete.
[2021.06.09-21.24.53:649][  0]LogFileHelpers: Loading map 'Minimal_Default' took 1.574
[2021.06.09-21.24.53:651][  0]LogUnrealEdMisc: Total Editor Startup Time, took 6.503
[2021.06.09-21.24.53:788][  0]LogSlate: Updating window title bar state: overlay mode, drag disabled, window buttons hidden, title bar hidden
[2021.06.09-21.24.53:794][  0]LogSlate: Updating window title bar state: overlay mode, drag disabled, window buttons hidden, title bar hidden
[2021.06.09-21.24.53:801][  0]LogSlate: Updating window title bar state: overlay mode, drag disabled, window buttons hidden, title bar hidden
[2021.06.09-21.24.53:806][  0]LogSlate: Updating window title bar state: overlay mode, drag disabled, window buttons hidden, title bar hidden
[2021.06.09-21.24.53:813][  0]LogCollectionManager: Loaded 0 collections in 0.000585 seconds
[2021.06.09-21.24.53:825][  0]LogFileCache: Scanning file cache for directory 'D:/PLIKI KOMPUTERA/UNI/I MGR/II SEMESTR/silniki/COLLABok/Collab/Saved/Collections/' took 0.00s
[2021.06.09-21.24.53:825][  0]LogFileCache: Scanning file cache for directory 'D:/PLIKI KOMPUTERA/UNI/I MGR/II SEMESTR/silniki/COLLABok/Collab/Content/Developers/Aleksandra/Collections/' took 0.00s
[2021.06.09-21.24.53:825][  0]LogFileCache: Scanning file cache for directory 'D:/PLIKI KOMPUTERA/UNI/I MGR/II SEMESTR/silniki/COLLABok/Collab/Content/Collections/' took 0.00s
[2021.06.09-21.24.53:825][  0]LogContentBrowser: Native class hierarchy populated in 0.0072 seconds. Added 3426 classes and 820 folders.
[2021.06.09-21.24.53:827][  0]LogContentBrowser: Native class hierarchy updated for 'WidgetCarousel' in 0.0002 seconds. Added 0 classes and 0 folders.
[2021.06.09-21.24.53:866][  0]LogContentBrowser: Native class hierarchy updated for 'AddContentDialog' in 0.0002 seconds. Added 0 classes and 0 folders.
[2021.06.09-21.24.53:866][  0]LogContentBrowser: Native class hierarchy updated for 'SceneOutliner' in 0.0002 seconds. Added 2 classes and 0 folders.
[2021.06.09-21.24.53:944][  0]LogSlate: Took 0.000282 seconds to synchronously load lazily loaded font '../../../Engine/Content/Slate/Fonts/Roboto-Regular.ttf' (155K)
[2021.06.09-21.24.53:945][  0]LogSlate: Took 0.000123 seconds to synchronously load lazily loaded font '../../../Engine/Content/Slate/Fonts/Roboto-Bold.ttf' (160K)
[2021.06.09-21.24.53:949][  0]LogSlate: Took 0.000152 seconds to synchronously load lazily loaded font '../../../Engine/Content/Editor/Slate/Fonts/FontAwesome.ttf' (139K)
[2021.06.09-21.24.54:018][  0]LogRenderer: Reallocating scene render targets to support 1616x864 Format 10 NumSamples 1 (Frame:1).
[2021.06.09-21.24.54:151][  0]LogContentBrowser: Native class hierarchy updated for 'HierarchicalLODOutliner' in 0.0002 seconds. Added 0 classes and 0 folders.
[2021.06.09-21.24.54:152][  0]LogLoad: (Engine Initialization) Total time: 7.00 seconds
[2021.06.09-21.24.54:152][  0]LogLoad: (Engine Initialization) Total Blueprint compile time: 0.00 seconds
[2021.06.09-21.24.54:178][  0]LogContentStreaming: Texture pool size now 1000 MB
[2021.06.09-21.24.54:317][  0]LogSlate: Took 0.000148 seconds to synchronously load lazily loaded font '../../../Engine/Content/Slate/Fonts/DroidSansMono.ttf' (77K)
[2021.06.09-21.24.56:275][227]LogSlate: Window 'Message Log' being destroyed
[2021.06.09-21.24.56:278][227]LogSlate: Window 'Message Log' being destroyed
[2021.06.09-21.24.56:612][262]LogEditorViewport: Clicking on Actor (LMB): StaticMeshActor (Chair)
[2021.06.09-21.24.57:339][284]LogEditorViewport: Clicking on Actor (LMB): StaticMeshActor (Chair)
[2021.06.09-21.24.59:473][537]LogAssetRegistry: Asset discovery search completed in 9.5149 seconds
[2021.06.09-21.24.59:476][537]LogCollectionManager: Fixed up redirectors for 0 collections in 0.000002 seconds (updated 0 objects)
[2021.06.09-21.25.20:324][685]LogEditorViewport: Clicking on Actor (LMB): StaticMeshActor (Table)
[2021.06.09-21.25.26:998][481]Cmd: DELETE
[2021.06.09-21.25.26:998][481]Cmd: ACTOR DELETE
[2021.06.09-21.25.27:114][481]LogEditorActor: Deleted Actor: StaticMeshActor
[2021.06.09-21.25.27:123][481]LogUObjectHash: Compacting FUObjectHashTables data took   0.49ms
[2021.06.09-21.25.27:124][481]LogEditorActor: Deleted 1 Actors (0.035 secs)
[2021.06.09-21.25.27:560][533]LogEditorViewport: Clicking on Actor (LMB): StaticMeshActor (Statue)
[2021.06.09-21.25.27:579][533]Cmd: DELETE
[2021.06.09-21.25.27:579][533]Cmd: ACTOR DELETE
[2021.06.09-21.25.27:580][533]LogEditorActor: Deleted Actor: StaticMeshActor
[2021.06.09-21.25.27:589][533]LogUObjectHash: Compacting FUObjectHashTables data took   0.21ms
[2021.06.09-21.25.27:590][533]LogEditorActor: Deleted 1 Actors (0.011 secs)
[2021.06.09-21.25.28:144][599]LogEditorViewport: Clicking on Actor (LMB): StaticMeshActor (Chair)
[2021.06.09-21.25.28:164][599]Cmd: DELETE
[2021.06.09-21.25.28:164][599]Cmd: ACTOR DELETE
[2021.06.09-21.25.28:165][599]LogEditorActor: Deleted Actor: StaticMeshActor
[2021.06.09-21.25.28:174][599]LogUObjectHash: Compacting FUObjectHashTables data took   0.20ms
[2021.06.09-21.25.28:175][599]LogEditorActor: Deleted 1 Actors (0.011 secs)
[2021.06.09-21.25.28:713][663]LogEditorViewport: Clicking on Actor (LMB): StaticMeshActor (Chair)
[2021.06.09-21.25.28:733][663]Cmd: DELETE
[2021.06.09-21.25.28:733][663]Cmd: ACTOR DELETE
[2021.06.09-21.25.28:733][663]LogEditorActor: Deleted Actor: StaticMeshActor
[2021.06.09-21.25.28:741][663]LogUObjectHash: Compacting FUObjectHashTables data took   0.20ms
[2021.06.09-21.25.28:743][663]LogEditorActor: Deleted 1 Actors (0.010 secs)
[2021.06.09-21.26.05:212][956]LogSlate: Took 0.000193 seconds to synchronously load lazily loaded font '../../../Engine/Content/Slate/Fonts/Roboto-Light.ttf' (167K)
[2021.06.09-21.26.25:041][956]LogSlate: Window 'Pick Parent Class' being destroyed
[2021.06.09-21.31.25:568][226]LogSlate: Window 'Pick Parent Class' being destroyed
[2021.06.09-21.31.37:897][660]LogAssetEditorSubsystem: Opening Asset editor for Blueprint /Game/BP_PlayerPawn.BP_PlayerPawn
[2021.06.09-21.31.38:067][660]LogContentBrowser: Native class hierarchy updated for 'BlueprintGraph' in 0.0004 seconds. Added 125 classes and 0 folders.
[2021.06.09-21.31.39:475][728]LogSlate: Took 0.000248 seconds to synchronously load lazily loaded font '../../../Engine/Content/Slate/Fonts/Roboto-Italic.ttf' (157K)
[2021.06.09-21.32.43:984][388]LogEditorTransaction: Undo Modify Component Scale
[2021.06.09-21.33.41:956][569]BlueprintLog: New page: Compile BP_PlayerPawn
[2021.06.09-21.33.42:016][569]LogUObjectHash: Compacting FUObjectHashTables data took   3.09ms
[2021.06.09-21.34.00:135][616]BlueprintLog: New page: Compile BP_PlayerPawn
[2021.06.09-21.34.00:193][616]LogUObjectHash: Compacting FUObjectHashTables data took   2.42ms
[2021.06.09-21.34.54:238][544]LogUObjectHash: Compacting FUObjectHashTables data took   2.37ms
[2021.06.09-21.34.54:256][544]LogSavePackage: Moving '../../../../../PLIKI KOMPUTERA/UNI/I MGR/II SEMESTR/silniki/COLLABok/Collab/Saved/Minimal_Default_Auto151F6515A4CCC4C29B5D8A0BA9F3ACC86.tmp' to '../../../../../PLIKI KOMPUTERA/UNI/I MGR/II SEMESTR/silniki/COLLABok/Collab/Saved/Autosaves/Game/StarterContent/Maps/Minimal_Default_Auto1.umap'
[2021.06.09-21.34.54:257][544]LogFileHelpers: Editor autosave (incl. sublevels) for '/Game/StarterContent/Maps/Minimal_Default' took 0.041
[2021.06.09-21.34.54:257][544]LogFileHelpers: Editor autosave (incl. sublevels) for all levels took 0.041
[2021.06.09-21.34.54:257][544]OBJ SavePackage: Generating thumbnails for [1] asset(s) in package [/Game/BP_PlayerPawn] ([1] browsable assets)...
[2021.06.09-21.34.54:279][544]OBJ SavePackage:     Rendered thumbnail for [Blueprint /Game/BP_PlayerPawn.BP_PlayerPawn]
[2021.06.09-21.34.54:279][544]OBJ SavePackage: Finished generating thumbnails for package [/Game/BP_PlayerPawn]
[2021.06.09-21.34.54:288][544]LogSavePackage: Moving '../../../../../PLIKI KOMPUTERA/UNI/I MGR/II SEMESTR/silniki/COLLABok/Collab/Saved/BP_PlayerPawn_Auto11EF13AC643A9FD3F7CC4E3AEAFD421E8.tmp' to '../../../../../PLIKI KOMPUTERA/UNI/I MGR/II SEMESTR/silniki/COLLABok/Collab/Saved/Autosaves/Game/BP_PlayerPawn_Auto1.uasset'
[2021.06.09-21.34.54:288][544]LogFileHelpers: Auto-saving content packages took 0.031
[2021.06.09-21.35.28:109][928]LogTemp: Repeating last play command: Selected Viewport
[2021.06.09-21.35.28:115][928]LogPlayLevel: PlayLevel: No blueprints needed recompiling
[2021.06.09-21.35.28:116][928]PIE: New page: PIE session: Minimal_Default (10 cze 2021, 01:35:28)
[2021.06.09-21.35.28:117][928]LogOnline: OSS: Creating online subsystem instance for: NULL
[2021.06.09-21.35.28:117][928]LogOnline: OSS: TryLoadSubsystemAndSetDefault: Loaded subsystem for module [NULL]
[2021.06.09-21.35.28:117][928]LogPlayLevel: Creating play world package: /Game/StarterContent/Maps/UEDPIE_0_Minimal_Default
[2021.06.09-21.35.28:120][928]LogPlayLevel: PIE: StaticDuplicateObject took: (0.002342s)
[2021.06.09-21.35.28:121][928]LogAIModule: Creating AISystem for world Minimal_Default
[2021.06.09-21.35.28:121][928]LogAISub: UAISubsystem::UAISubsystem EnvQueryManager (000001BE14CB8C00), frame # 22928
[2021.06.09-21.35.28:121][928]LogAISub: UAISubsystem::UAISubsystem AIPerceptionSystem (000001BDEBA7A480), frame # 22928
[2021.06.09-21.35.28:121][928]LogPlayLevel: PIE: World Init took: (0.000892s)
[2021.06.09-21.35.28:121][928]LogPlayLevel: PIE: Created PIE world by copying editor world from /Game/StarterContent/Maps/Minimal_Default.Minimal_Default to /Game/StarterContent/Maps/UEDPIE_0_Minimal_Default.Minimal_Default (0.003336s)
[2021.06.09-21.35.28:141][928]LogUObjectHash: Compacting FUObjectHashTables data took   1.85ms
[2021.06.09-21.35.28:145][928]LogAudioMixer: Display: Audio Mixer Platform Settings:
[2021.06.09-21.35.28:145][928]LogAudioMixer: Display: 	Sample Rate:						  48000
[2021.06.09-21.35.28:145][928]LogAudioMixer: Display: 	Callback Buffer Frame Size Requested: 1024
[2021.06.09-21.35.28:145][928]LogAudioMixer: Display: 	Callback Buffer Frame Size To Use:	  1024
[2021.06.09-21.35.28:145][928]LogAudioMixer: Display: 	Number of buffers to queue:			  2
[2021.06.09-21.35.28:145][928]LogAudioMixer: Display: 	Max Channels (voices):				  32
[2021.06.09-21.35.28:145][928]LogAudioMixer: Display: 	Number of Async Source Workers:		  0
[2021.06.09-21.35.28:145][928]LogAudio: Display: AudioDevice MaxSources: 32
[2021.06.09-21.35.28:146][928]LogAudio: Display: Using built-in audio occlusion.
[2021.06.09-21.35.28:146][928]LogAudioMixer: Display: Initializing audio mixer.
[2021.06.09-21.35.28:150][928]LogAudioMixer: Display: 0: FrontLeft
[2021.06.09-21.35.28:150][928]LogAudioMixer: Display: 1: FrontRight
[2021.06.09-21.35.28:173][928]LogAudioMixer: Display: Using Audio Device Głośniki (Realtek(R) Audio)
[2021.06.09-21.35.28:173][928]LogAudioMixer: Display: Initializing Sound Submixes...
[2021.06.09-21.35.28:173][928]LogAudioMixer: Display: Creating Master Submix 'MasterSubmixDefault'
[2021.06.09-21.35.28:173][928]LogAudioMixer: Display: Creating Master Submix 'MasterReverbSubmixDefault'
[2021.06.09-21.35.28:173][928]LogAudioMixer: Display: Creating Master Submix 'MasterEQSubmixDefault'
[2021.06.09-21.35.28:184][928]LogInit: FAudioDevice initialized.
[2021.06.09-21.35.28:195][928]LogLoad: Game class is 'GameModeBase'
[2021.06.09-21.35.28:196][928]LogWorld: Bringing World /Game/StarterContent/Maps/UEDPIE_0_Minimal_Default.Minimal_Default up for play (max tick rate 0) at 2021.06.09-23.35.28
[2021.06.09-21.35.28:196][928]LogWorld: Bringing up level for play took: 0.000530
[2021.06.09-21.35.28:196][928]LogOnline: OSS: Creating online subsystem instance for: :Context_5
[2021.06.09-21.35.28:198][928]LogContentBrowser: Native class hierarchy updated for 'MovieSceneCapture' in 0.0003 seconds. Added 20 classes and 0 folders.
[2021.06.09-21.35.28:199][928]PIE: Server logged in
[2021.06.09-21.35.28:200][928]PIE: Play in editor total start time 0,088 seconds.
[2021.06.09-21.35.32:573][293]LogAudioMixer: Display: No commands were queued while flushing the source manager.
[2021.06.09-21.35.32:584][293]LogAudioMixer: Display: Flush succeeded in the source manager command queue (1).
[2021.06.09-21.35.32:604][293]LogAudioMixer: Display: Flush succeeded the source manager command queue (2).
[2021.06.09-21.35.32:606][293]LogSlate: Updating window title bar state: overlay mode, drag disabled, window buttons hidden, title bar hidden
[2021.06.09-21.35.32:606][293]LogWorld: BeginTearingDown for /Game/StarterContent/Maps/UEDPIE_0_Minimal_Default
[2021.06.09-21.35.32:606][293]LogAudioMixer: Display: No commands were queued while flushing the source manager.
[2021.06.09-21.35.32:606][293]LogWorld: UWorld::CleanupWorld for Minimal_Default, bSessionEnded=true, bCleanupResources=true
[2021.06.09-21.35.32:606][293]LogSlate: InvalidateAllWidgets triggered.  All widgets were invalidated
[2021.06.09-21.35.32:615][293]LogPlayLevel: Display: Shutting down PIE online subsystems
[2021.06.09-21.35.32:619][293]LogSlate: InvalidateAllWidgets triggered.  All widgets were invalidated
[2021.06.09-21.35.32:640][293]LogSlate: Updating window title bar state: overlay mode, drag disabled, window buttons hidden, title bar hidden
[2021.06.09-21.35.32:640][293]LogAudioMixer: Display: No commands were queued while flushing the source manager.
[2021.06.09-21.35.32:664][293]LogAISub: UAISubsystem::~UAISubsystem AIPerceptionSystem (000001BDEBA7A480), frame # 23293
[2021.06.09-21.35.32:664][293]LogAISub: UAISubsystem::~UAISubsystem EnvQueryManager (000001BE14CB8C00), frame # 23293
[2021.06.09-21.35.32:690][293]LogUObjectHash: Compacting FUObjectHashTables data took   3.82ms
[2021.06.09-21.35.32:733][294]LogPlayLevel: Display: Destroying online subsystem :Context_5
[2021.06.09-21.35.55:329][577]LogTemp: Repeating last play command: Selected Viewport
[2021.06.09-21.35.55:334][577]LogPlayLevel: PlayLevel: No blueprints needed recompiling
[2021.06.09-21.35.55:334][577]PIE: New page: PIE session: Minimal_Default (10 cze 2021, 01:35:55)
[2021.06.09-21.35.55:334][577]LogPlayLevel: Creating play world package: /Game/StarterContent/Maps/UEDPIE_0_Minimal_Default
[2021.06.09-21.35.55:337][577]LogPlayLevel: PIE: StaticDuplicateObject took: (0.002217s)
[2021.06.09-21.35.55:337][577]LogAIModule: Creating AISystem for world Minimal_Default
[2021.06.09-21.35.55:337][577]LogAISub: UAISubsystem::UAISubsystem EnvQueryManager (000001BDECD6C800), frame # 23577
[2021.06.09-21.35.55:337][577]LogAISub: UAISubsystem::UAISubsystem AIPerceptionSystem (000001BE231A07C0), frame # 23577
[2021.06.09-21.35.55:338][577]LogPlayLevel: PIE: World Init took: (0.000871s)
[2021.06.09-21.35.55:338][577]LogPlayLevel: PIE: Created PIE world by copying editor world from /Game/StarterContent/Maps/Minimal_Default.Minimal_Default to /Game/StarterContent/Maps/UEDPIE_0_Minimal_Default.Minimal_Default (0.003178s)
[2021.06.09-21.35.55:375][577]LogUObjectHash: Compacting FUObjectHashTables data took   2.29ms
[2021.06.09-21.35.55:376][577]LogAudioMixer: Display: Audio Mixer Platform Settings:
[2021.06.09-21.35.55:376][577]LogAudioMixer: Display: 	Sample Rate:						  48000
[2021.06.09-21.35.55:376][577]LogAudioMixer: Display: 	Callback Buffer Frame Size Requested: 1024
[2021.06.09-21.35.55:376][577]LogAudioMixer: Display: 	Callback Buffer Frame Size To Use:	  1024
[2021.06.09-21.35.55:376][577]LogAudioMixer: Display: 	Number of buffers to queue:			  2
[2021.06.09-21.35.55:376][577]LogAudioMixer: Display: 	Max Channels (voices):				  32
[2021.06.09-21.35.55:376][577]LogAudioMixer: Display: 	Number of Async Source Workers:		  0
[2021.06.09-21.35.55:376][577]LogAudio: Display: AudioDevice MaxSources: 32
[2021.06.09-21.35.55:376][577]LogAudio: Display: Using built-in audio occlusion.
[2021.06.09-21.35.55:376][577]LogAudioMixer: Display: Initializing audio mixer.
[2021.06.09-21.35.55:380][577]LogAudioMixer: Display: 0: FrontLeft
[2021.06.09-21.35.55:380][577]LogAudioMixer: Display: 1: FrontRight
[2021.06.09-21.35.55:400][577]LogAudioMixer: Display: Using Audio Device Głośniki (Realtek(R) Audio)
[2021.06.09-21.35.55:400][577]LogAudioMixer: Display: Initializing Sound Submixes...
[2021.06.09-21.35.55:400][577]LogAudioMixer: Display: Creating Master Submix 'MasterSubmixDefault'
[2021.06.09-21.35.55:400][577]LogAudioMixer: Display: Creating Master Submix 'MasterReverbSubmixDefault'
[2021.06.09-21.35.55:400][577]LogAudioMixer: Display: Creating Master Submix 'MasterEQSubmixDefault'
[2021.06.09-21.35.55:410][577]LogInit: FAudioDevice initialized.
[2021.06.09-21.35.55:418][577]LogLoad: Game class is 'GameModeBase'
[2021.06.09-21.35.55:419][577]LogWorld: Bringing World /Game/StarterContent/Maps/UEDPIE_0_Minimal_Default.Minimal_Default up for play (max tick rate 0) at 2021.06.09-23.35.55
[2021.06.09-21.35.55:419][577]LogWorld: Bringing up level for play took: 0.000502
[2021.06.09-21.35.55:419][577]LogOnline: OSS: Creating online subsystem instance for: :Context_6
[2021.06.09-21.35.55:421][577]PIE: Server logged in
[2021.06.09-21.35.55:421][577]PIE: Play in editor total start time 0,09 seconds.
[2021.06.09-21.35.57:919][871]LogAudioMixer: Display: No commands were queued while flushing the source manager.
[2021.06.09-21.35.57:924][871]LogAudioMixer: Display: Flush succeeded in the source manager command queue (1).
[2021.06.09-21.35.57:944][871]LogAudioMixer: Display: Flush succeeded the source manager command queue (2).
[2021.06.09-21.35.57:947][871]LogSlate: Updating window title bar state: overlay mode, drag disabled, window buttons hidden, title bar hidden
[2021.06.09-21.35.57:947][871]LogWorld: BeginTearingDown for /Game/StarterContent/Maps/UEDPIE_0_Minimal_Default
[2021.06.09-21.35.57:947][871]LogAudioMixer: Display: No commands were queued while flushing the source manager.
[2021.06.09-21.35.57:947][871]LogWorld: UWorld::CleanupWorld for Minimal_Default, bSessionEnded=true, bCleanupResources=true
[2021.06.09-21.35.57:948][871]LogSlate: InvalidateAllWidgets triggered.  All widgets were invalidated
[2021.06.09-21.35.57:956][871]LogPlayLevel: Display: Shutting down PIE online subsystems
[2021.06.09-21.35.57:960][871]LogSlate: InvalidateAllWidgets triggered.  All widgets were invalidated
[2021.06.09-21.35.57:980][871]LogAudioMixer: Display: No commands were queued while flushing the source manager.
[2021.06.09-21.35.57:993][871]LogSlate: Updating window title bar state: overlay mode, drag disabled, window buttons hidden, title bar hidden
[2021.06.09-21.35.57:993][871]LogAISub: UAISubsystem::~UAISubsystem AIPerceptionSystem (000001BE231A07C0), frame # 23871
[2021.06.09-21.35.57:993][871]LogAISub: UAISubsystem::~UAISubsystem EnvQueryManager (000001BDECD6C800), frame # 23871
[2021.06.09-21.35.57:995][871]LogUObjectHash: Compacting FUObjectHashTables data took   1.89ms
[2021.06.09-21.35.58:026][872]LogPlayLevel: Display: Destroying online subsystem :Context_6
[2021.06.09-21.36.00:781][178]LogEditorViewport: Clicking on Actor (LMB): BP_Sky_Sphere_C (BP_Sky_Sphere)
[2021.06.09-21.36.01:336][223]LogEditorViewport: Clicking on Actor (LMB): BP_PlayerPawn_C (BP_PlayerPawn)
[2021.06.09-21.36.02:274][319]LogTemp: Repeating last play command: Selected Viewport
[2021.06.09-21.36.02:280][319]LogPlayLevel: PlayLevel: No blueprints needed recompiling
[2021.06.09-21.36.02:280][319]PIE: New page: PIE session: Minimal_Default (10 cze 2021, 01:36:02)
[2021.06.09-21.36.02:280][319]LogPlayLevel: Creating play world package: /Game/StarterContent/Maps/UEDPIE_0_Minimal_Default
[2021.06.09-21.36.02:282][319]LogPlayLevel: PIE: StaticDuplicateObject took: (0.002233s)
[2021.06.09-21.36.02:283][319]LogAIModule: Creating AISystem for world Minimal_Default
[2021.06.09-21.36.02:283][319]LogAISub: UAISubsystem::UAISubsystem EnvQueryManager (000001BE1B5FC400), frame # 24319
[2021.06.09-21.36.02:283][319]LogAISub: UAISubsystem::UAISubsystem AIPerceptionSystem (000001BE25E39080), frame # 24319
[2021.06.09-21.36.02:283][319]LogPlayLevel: PIE: World Init took: (0.000864s)
[2021.06.09-21.36.02:283][319]LogPlayLevel: PIE: Created PIE world by copying editor world from /Game/StarterContent/Maps/Minimal_Default.Minimal_Default to /Game/StarterContent/Maps/UEDPIE_0_Minimal_Default.Minimal_Default (0.003206s)
[2021.06.09-21.36.02:304][319]LogUObjectHash: Compacting FUObjectHashTables data took   1.91ms
[2021.06.09-21.36.02:305][319]LogAudioMixer: Display: Audio Mixer Platform Settings:
[2021.06.09-21.36.02:305][319]LogAudioMixer: Display: 	Sample Rate:						  48000
[2021.06.09-21.36.02:305][319]LogAudioMixer: Display: 	Callback Buffer Frame Size Requested: 1024
[2021.06.09-21.36.02:305][319]LogAudioMixer: Display: 	Callback Buffer Frame Size To Use:	  1024
[2021.06.09-21.36.02:305][319]LogAudioMixer: Display: 	Number of buffers to queue:			  2
[2021.06.09-21.36.02:305][319]LogAudioMixer: Display: 	Max Channels (voices):				  32
[2021.06.09-21.36.02:305][319]LogAudioMixer: Display: 	Number of Async Source Workers:		  0
[2021.06.09-21.36.02:305][319]LogAudio: Display: AudioDevice MaxSources: 32
[2021.06.09-21.36.02:305][319]LogAudio: Display: Using built-in audio occlusion.
[2021.06.09-21.36.02:305][319]LogAudioMixer: Display: Initializing audio mixer.
[2021.06.09-21.36.02:309][319]LogAudioMixer: Display: 0: FrontLeft
[2021.06.09-21.36.02:309][319]LogAudioMixer: Display: 1: FrontRight
[2021.06.09-21.36.02:328][319]LogAudioMixer: Display: Using Audio Device Głośniki (Realtek(R) Audio)
[2021.06.09-21.36.02:328][319]LogAudioMixer: Display: Initializing Sound Submixes...
[2021.06.09-21.36.02:328][319]LogAudioMixer: Display: Creating Master Submix 'MasterSubmixDefault'
[2021.06.09-21.36.02:328][319]LogAudioMixer: Display: Creating Master Submix 'MasterReverbSubmixDefault'
[2021.06.09-21.36.02:329][319]LogAudioMixer: Display: Creating Master Submix 'MasterEQSubmixDefault'
[2021.06.09-21.36.02:339][319]LogInit: FAudioDevice initialized.
[2021.06.09-21.36.02:358][319]LogLoad: Game class is 'GameModeBase'
[2021.06.09-21.36.02:362][319]LogWorld: Bringing World /Game/StarterContent/Maps/UEDPIE_0_Minimal_Default.Minimal_Default up for play (max tick rate 0) at 2021.06.09-23.36.02
[2021.06.09-21.36.02:362][319]LogWorld: Bringing up level for play took: 0.002063
[2021.06.09-21.36.02:363][319]LogOnline: OSS: Creating online subsystem instance for: :Context_7
[2021.06.09-21.36.02:368][319]PIE: Server logged in
[2021.06.09-21.36.02:370][319]PIE: Play in editor total start time 0,093 seconds.
[2021.06.09-21.36.03:927][498]LogAudioMixer: Display: No commands were queued while flushing the source manager.
[2021.06.09-21.36.03:934][498]LogAudioMixer: Display: Flush succeeded in the source manager command queue (1).
[2021.06.09-21.36.03:964][498]LogAudioMixer: Display: Flush succeeded the source manager command queue (2).
[2021.06.09-21.36.03:967][498]LogSlate: Updating window title bar state: overlay mode, drag disabled, window buttons hidden, title bar hidden
[2021.06.09-21.36.03:967][498]LogWorld: BeginTearingDown for /Game/StarterContent/Maps/UEDPIE_0_Minimal_Default
[2021.06.09-21.36.03:967][498]LogAudioMixer: Display: No commands were queued while flushing the source manager.
[2021.06.09-21.36.03:967][498]LogWorld: UWorld::CleanupWorld for Minimal_Default, bSessionEnded=true, bCleanupResources=true
[2021.06.09-21.36.03:967][498]LogSlate: InvalidateAllWidgets triggered.  All widgets were invalidated
[2021.06.09-21.36.03:975][498]LogPlayLevel: Display: Shutting down PIE online subsystems
[2021.06.09-21.36.03:978][498]LogSlate: InvalidateAllWidgets triggered.  All widgets were invalidated
[2021.06.09-21.36.03:999][498]LogSlate: Updating window title bar state: overlay mode, drag disabled, window buttons hidden, title bar hidden
[2021.06.09-21.36.03:999][498]LogAudioMixer: Display: No commands were queued while flushing the source manager.
[2021.06.09-21.36.04:014][498]LogAISub: UAISubsystem::~UAISubsystem AIPerceptionSystem (000001BE25E39080), frame # 24498
[2021.06.09-21.36.04:014][498]LogAISub: UAISubsystem::~UAISubsystem EnvQueryManager (000001BE1B5FC400), frame # 24498
[2021.06.09-21.36.04:016][498]LogUObjectHash: Compacting FUObjectHashTables data took   1.86ms
[2021.06.09-21.36.04:048][499]LogPlayLevel: Display: Destroying online subsystem :Context_7
[2021.06.09-21.36.58:463][589]LogUObjectHash: Compacting FUObjectHashTables data took   1.78ms
[2021.06.09-21.36.58:511][589]LogUObjectHash: Compacting FUObjectHashTables data took   0.49ms
[2021.06.09-21.36.58:522][589]LogSavePackage: Moving '../../../../../PLIKI KOMPUTERA/UNI/I MGR/II SEMESTR/silniki/COLLABok/Collab/Saved/Minimal_Default1BF6861A4355D557B9906E99DBB01BE3.tmp' to '../../../../../PLIKI KOMPUTERA/UNI/I MGR/II SEMESTR/silniki/COLLABok/Collab/Content/StarterContent/Maps/Minimal_Default.umap'
[2021.06.09-21.36.58:528][589]LogFileHelpers: Saving map 'Minimal_Default' took 0.037
[2021.06.09-21.36.58:528][589]Cmd: OBJ SAVEPACKAGE PACKAGE="/Game/BP_PlayerPawn" FILE="../../../../../PLIKI KOMPUTERA/UNI/I MGR/II SEMESTR/silniki/COLLABok/Collab/Content/BP_PlayerPawn.uasset" SILENT=true
[2021.06.09-21.36.58:532][589]LogSavePackage: Moving '../../../../../PLIKI KOMPUTERA/UNI/I MGR/II SEMESTR/silniki/COLLABok/Collab/Saved/BP_PlayerPawn3762CE29490ED641E0184AAE7DD658A2.tmp' to '../../../../../PLIKI KOMPUTERA/UNI/I MGR/II SEMESTR/silniki/COLLABok/Collab/Content/BP_PlayerPawn.uasset'
[2021.06.09-21.36.58:548][589]AssetCheck: New page: Asset Save: multiple assets
[2021.06.09-21.36.58:548][589]LogContentValidation: Display: Validating World /Game/StarterContent/Maps/Minimal_Default.Minimal_Default
[2021.06.09-21.36.58:548][589]LogContentValidation: Display: Validating Blueprint /Game/BP_PlayerPawn.BP_PlayerPawn
[2021.06.09-21.37.33:384][235]LogSlate: Window 'Pick Parent Class' being destroyed
[2021.06.09-21.37.41:276][143]LogAssetEditorSubsystem: Opening Asset editor for Blueprint /Game/BP_GameMode.BP_GameMode
